<?xml version="1.0" encoding="UTF-8" standalone="yes"?><!DOCTYPE report PUBLIC "-//JACOCO//DTD Report 1.1//EN" "report.dtd"><report name="note"><sessioninfo id="fv-az426-986-68b1154f" start="1659581981505" dump="1659581995362"/><sessioninfo id="fv-az200-713-bb0b61f2" start="1659582317893" dump="1659582337945"/><package name="com/jundaai/note/form/folder"><class name="com/jundaai/note/form/folder/FolderUpdateForm$FolderUpdateFormBuilder" sourcefilename="FolderUpdateForm.java"><method name="&lt;init&gt;" desc="()V" line="11"><counter type="INSTRUCTION" missed="0" covered="3"/><counter type="LINE" missed="0" covered="1"/><counter type="COMPLEXITY" missed="0" covered="1"/><counter type="METHOD" missed="0" covered="1"/></method><method name="updateType" desc="(Ljava/lang/String;)Lcom/jundaai/note/form/folder/FolderUpdateForm$FolderUpdateFormBuilder;" line="11"><counter type="INSTRUCTION" missed="0" covered="5"/><counter type="LINE" missed="0" covered="1"/><counter type="COMPLEXITY" missed="0" covered="1"/><counter type="METHOD" missed="0" covered="1"/></method><method name="newName" desc="(Ljava/lang/String;)Lcom/jundaai/note/form/folder/FolderUpdateForm$FolderUpdateFormBuilder;" line="11"><counter type="INSTRUCTION" missed="0" covered="5"/><counter type="LINE" missed="0" covered="1"/><counter type="COMPLEXITY" missed="0" covered="1"/><counter type="METHOD" missed="0" covered="1"/></method><method name="toParentId" desc="(Ljava/lang/Long;)Lcom/jundaai/note/form/folder/FolderUpdateForm$FolderUpdateFormBuilder;" line="11"><counter type="INSTRUCTION" missed="0" covered="5"/><counter type="LINE" missed="0" covered="1"/><counter type="COMPLEXITY" missed="0" covered="1"/><counter type="METHOD" missed="0" covered="1"/></method><method name="build" desc="()Lcom/jundaai/note/form/folder/FolderUpdateForm;" line="11"><counter type="INSTRUCTION" missed="0" covered="10"/><counter type="LINE" missed="0" covered="1"/><counter type="COMPLEXITY" missed="0" covered="1"/><counter type="METHOD" missed="0" covered="1"/></method><method name="toString" desc="()Ljava/lang/String;" line="11"><counter type="INSTRUCTION" missed="8" covered="0"/><counter type="LINE" missed="1" covered="0"/><counter type="COMPLEXITY" missed="1" covered="0"/><counter type="METHOD" missed="1" covered="0"/></method><counter type="INSTRUCTION" missed="8" covered="28"/><counter type="LINE" missed="0" covered="1"/><counter type="COMPLEXITY" missed="1" covered="5"/><counter type="METHOD" missed="1" covered="5"/><counter type="CLASS" missed="0" covered="1"/></class><class name="com/jundaai/note/form/folder/FolderCreationForm" sourcefilename="FolderCreationForm.java"><method name="builder" desc="()Lcom/jundaai/note/form/folder/FolderCreationForm$FolderCreationFormBuilder;" line="11"><counter type="INSTRUCTION" missed="0" covered="4"/><counter type="LINE" missed="0" covered="1"/><counter type="COMPLEXITY" missed="0" covered="1"/><counter type="METHOD" missed="0" covered="1"/></method><method name="getName" desc="()Ljava/lang/String;" line="17"><counter type="INSTRUCTION" missed="0" covered="3"/><counter type="LINE" missed="0" covered="1"/><counter type="COMPLEXITY" missed="0" covered="1"/><counter type="METHOD" missed="0" covered="1"/></method><method name="setName" desc="(Ljava/lang/String;)V" line="10"><counter type="INSTRUCTION" missed="0" covered="4"/><counter type="LINE" missed="0" covered="1"/><counter type="COMPLEXITY" missed="0" covered="1"/><counter type="METHOD" missed="0" covered="1"/></method><method name="equals" desc="(Ljava/lang/Object;)Z" line="10"><counter type="INSTRUCTION" missed="32" covered="0"/><counter type="BRANCH" missed="10" covered="0"/><counter type="LINE" missed="1" covered="0"/><counter type="COMPLEXITY" missed="6" covered="0"/><counter type="METHOD" missed="1" covered="0"/></method><method name="hashCode" desc="()I" line="10"><counter type="INSTRUCTION" missed="20" covered="0"/><counter type="BRANCH" missed="2" covered="0"/><counter type="LINE" missed="1" covered="0"/><counter type="COMPLEXITY" missed="2" covered="0"/><counter type="METHOD" missed="1" covered="0"/></method><method name="toString" desc="()Ljava/lang/String;" line="10"><counter type="INSTRUCTION" missed="0" covered="4"/><counter type="LINE" missed="0" covered="1"/><counter type="COMPLEXITY" missed="0" covered="1"/><counter type="METHOD" missed="0" covered="1"/></method><method name="&lt;init&gt;" desc="()V" line="12"><counter type="INSTRUCTION" missed="0" covered="3"/><counter type="LINE" missed="0" covered="1"/><counter type="COMPLEXITY" missed="0" covered="1"/><counter type="METHOD" missed="0" covered="1"/></method><method name="&lt;init&gt;" desc="(Ljava/lang/String;)V" line="13"><counter type="INSTRUCTION" missed="0" covered="6"/><counter type="LINE" missed="0" covered="1"/><counter type="COMPLEXITY" missed="0" covered="1"/><counter type="METHOD" missed="0" covered="1"/></method><counter type="INSTRUCTION" missed="52" covered="24"/><counter type="BRANCH" missed="12" covered="0"/><counter type="LINE" missed="0" covered="5"/><counter type="COMPLEXITY" missed="8" covered="6"/><counter type="METHOD" missed="2" covered="6"/><counter type="CLASS" missed="0" covered="1"/></class><class name="com/jundaai/note/form/folder/FolderCreationForm$FolderCreationFormBuilder" sourcefilename="FolderCreationForm.java"><method name="&lt;init&gt;" desc="()V" line="11"><counter type="INSTRUCTION" missed="0" covered="3"/><counter type="LINE" missed="0" covered="1"/><counter type="COMPLEXITY" missed="0" covered="1"/><counter type="METHOD" missed="0" covered="1"/></method><method name="name" desc="(Ljava/lang/String;)Lcom/jundaai/note/form/folder/FolderCreationForm$FolderCreationFormBuilder;" line="11"><counter type="INSTRUCTION" missed="0" covered="5"/><counter type="LINE" missed="0" covered="1"/><counter type="COMPLEXITY" missed="0" covered="1"/><counter type="METHOD" missed="0" covered="1"/></method><method name="build" desc="()Lcom/jundaai/note/form/folder/FolderCreationForm;" line="11"><counter type="INSTRUCTION" missed="0" covered="6"/><counter type="LINE" missed="0" covered="1"/><counter type="COMPLEXITY" missed="0" covered="1"/><counter type="METHOD" missed="0" covered="1"/></method><method name="toString" desc="()Ljava/lang/String;" line="11"><counter type="INSTRUCTION" missed="4" covered="0"/><counter type="LINE" missed="1" covered="0"/><counter type="COMPLEXITY" missed="1" covered="0"/><counter type="METHOD" missed="1" covered="0"/></method><counter type="INSTRUCTION" missed="4" covered="14"/><counter type="LINE" missed="0" covered="1"/><counter type="COMPLEXITY" missed="1" covered="3"/><counter type="METHOD" missed="1" covered="3"/><counter type="CLASS" missed="0" covered="1"/></class><class name="com/jundaai/note/form/folder/FolderUpdateForm" sourcefilename="FolderUpdateForm.java"><method name="builder" desc="()Lcom/jundaai/note/form/folder/FolderUpdateForm$FolderUpdateFormBuilder;" line="11"><counter type="INSTRUCTION" missed="0" covered="4"/><counter type="LINE" missed="0" covered="1"/><counter type="COMPLEXITY" missed="0" covered="1"/><counter type="METHOD" missed="0" covered="1"/></method><method name="getUpdateType" desc="()Ljava/lang/String;" line="17"><counter type="INSTRUCTION" missed="0" covered="3"/><counter type="LINE" missed="0" covered="1"/><counter type="COMPLEXITY" missed="0" covered="1"/><counter type="METHOD" missed="0" covered="1"/></method><method name="getNewName" desc="()Ljava/lang/String;" line="18"><counter type="INSTRUCTION" missed="0" covered="3"/><counter type="LINE" missed="0" covered="1"/><counter type="COMPLEXITY" missed="0" covered="1"/><counter type="METHOD" missed="0" covered="1"/></method><method name="getToParentId" desc="()Ljava/lang/Long;" line="19"><counter type="INSTRUCTION" missed="0" covered="3"/><counter type="LINE" missed="0" covered="1"/><counter type="COMPLEXITY" missed="0" covered="1"/><counter type="METHOD" missed="0" covered="1"/></method><method name="setUpdateType" desc="(Ljava/lang/String;)V" line="10"><counter type="INSTRUCTION" missed="0" covered="4"/><counter type="LINE" missed="0" covered="1"/><counter type="COMPLEXITY" missed="0" covered="1"/><counter type="METHOD" missed="0" covered="1"/></method><method name="setNewName" desc="(Ljava/lang/String;)V" line="10"><counter type="INSTRUCTION" missed="0" covered="4"/><counter type="LINE" missed="0" covered="1"/><counter type="COMPLEXITY" missed="0" covered="1"/><counter type="METHOD" missed="0" covered="1"/></method><method name="setToParentId" desc="(Ljava/lang/Long;)V" line="10"><counter type="INSTRUCTION" missed="4" covered="0"/><counter type="LINE" missed="1" covered="0"/><counter type="COMPLEXITY" missed="1" covered="0"/><counter type="METHOD" missed="1" covered="0"/></method><method name="equals" desc="(Ljava/lang/Object;)Z" line="10"><counter type="INSTRUCTION" missed="66" covered="0"/><counter type="BRANCH" missed="22" covered="0"/><counter type="LINE" missed="1" covered="0"/><counter type="COMPLEXITY" missed="12" covered="0"/><counter type="METHOD" missed="1" covered="0"/></method><method name="hashCode" desc="()I" line="10"><counter type="INSTRUCTION" missed="48" covered="0"/><counter type="BRANCH" missed="6" covered="0"/><counter type="LINE" missed="1" covered="0"/><counter type="COMPLEXITY" missed="4" covered="0"/><counter type="METHOD" missed="1" covered="0"/></method><method name="toString" desc="()Ljava/lang/String;" line="10"><counter type="INSTRUCTION" missed="0" covered="8"/><counter type="LINE" missed="0" covered="1"/><counter type="COMPLEXITY" missed="0" covered="1"/><counter type="METHOD" missed="0" covered="1"/></method><method name="&lt;init&gt;" desc="()V" line="12"><counter type="INSTRUCTION" missed="0" covered="3"/><counter type="LINE" missed="0" covered="1"/><counter type="COMPLEXITY" missed="0" covered="1"/><counter type="METHOD" missed="0" covered="1"/></method><method name="&lt;init&gt;" desc="(Ljava/lang/String;Ljava/lang/String;Ljava/lang/Long;)V" line="13"><counter type="INSTRUCTION" missed="0" covered="12"/><counter type="LINE" missed="0" covered="1"/><counter type="COMPLEXITY" missed="0" covered="1"/><counter type="METHOD" missed="0" covered="1"/></method><counter type="INSTRUCTION" missed="118" covered="44"/><counter type="BRANCH" missed="28" covered="0"/><counter type="LINE" missed="0" covered="7"/><counter type="COMPLEXITY" missed="17" covered="9"/><counter type="METHOD" missed="3" covered="9"/><counter type="CLASS" missed="0" covered="1"/></class><class name="com/jundaai/note/form/folder/FolderOperationType" sourcefilename="FolderOperationType.java"/><sourcefile name="FolderOperationType.java"/><sourcefile name="FolderCreationForm.java"><line nr="10" mi="52" ci="8" mb="12" cb="0"/><line nr="11" mi="4" ci="18" mb="0" cb="0"/><line nr="12" mi="0" ci="3" mb="0" cb="0"/><line nr="13" mi="0" ci="6" mb="0" cb="0"/><line nr="17" mi="0" ci="3" mb="0" cb="0"/><counter type="INSTRUCTION" missed="56" covered="38"/><counter type="BRANCH" missed="12" covered="0"/><counter type="LINE" missed="0" covered="5"/><counter type="COMPLEXITY" missed="9" covered="9"/><counter type="METHOD" missed="3" covered="9"/><counter type="CLASS" missed="0" covered="2"/></sourcefile><sourcefile name="FolderUpdateForm.java"><line nr="10" mi="118" ci="16" mb="28" cb="0"/><line nr="11" mi="8" ci="32" mb="0" cb="0"/><line nr="12" mi="0" ci="3" mb="0" cb="0"/><line nr="13" mi="0" ci="12" mb="0" cb="0"/><line nr="17" mi="0" ci="3" mb="0" cb="0"/><line nr="18" mi="0" ci="3" mb="0" cb="0"/><line nr="19" mi="0" ci="3" mb="0" cb="0"/><counter type="INSTRUCTION" missed="126" covered="72"/><counter type="BRANCH" missed="28" covered="0"/><counter type="LINE" missed="0" covered="7"/><counter type="COMPLEXITY" missed="18" covered="14"/><counter type="METHOD" missed="4" covered="14"/><counter type="CLASS" missed="0" covered="2"/></sourcefile><counter type="INSTRUCTION" missed="182" covered="110"/><counter type="BRANCH" missed="40" covered="0"/><counter type="LINE" missed="0" covered="12"/><counter type="COMPLEXITY" missed="27" covered="23"/><counter type="METHOD" missed="7" covered="23"/><counter type="CLASS" missed="0" covered="4"/></package><package name="com/jundaai/note/form/tag"><class name="com/jundaai/note/form/tag/TagUpdateForm$TagUpdateFormBuilder" sourcefilename="TagUpdateForm.java"><method name="&lt;init&gt;" desc="()V" line="11"><counter type="INSTRUCTION" missed="0" covered="3"/><counter type="LINE" missed="0" covered="1"/><counter type="COMPLEXITY" missed="0" covered="1"/><counter type="METHOD" missed="0" covered="1"/></method><method name="newName" desc="(Ljava/lang/String;)Lcom/jundaai/note/form/tag/TagUpdateForm$TagUpdateFormBuilder;" line="11"><counter type="INSTRUCTION" missed="0" covered="5"/><counter type="LINE" missed="0" covered="1"/><counter type="COMPLEXITY" missed="0" covered="1"/><counter type="METHOD" missed="0" covered="1"/></method><method name="build" desc="()Lcom/jundaai/note/form/tag/TagUpdateForm;" line="11"><counter type="INSTRUCTION" missed="0" covered="6"/><counter type="LINE" missed="0" covered="1"/><counter type="COMPLEXITY" missed="0" covered="1"/><counter type="METHOD" missed="0" covered="1"/></method><method name="toString" desc="()Ljava/lang/String;" line="11"><counter type="INSTRUCTION" missed="4" covered="0"/><counter type="LINE" missed="1" covered="0"/><counter type="COMPLEXITY" missed="1" covered="0"/><counter type="METHOD" missed="1" covered="0"/></method><counter type="INSTRUCTION" missed="4" covered="14"/><counter type="LINE" missed="0" covered="1"/><counter type="COMPLEXITY" missed="1" covered="3"/><counter type="METHOD" missed="1" covered="3"/><counter type="CLASS" missed="0" covered="1"/></class><class name="com/jundaai/note/form/tag/TagUpdateForm" sourcefilename="TagUpdateForm.java"><method name="builder" desc="()Lcom/jundaai/note/form/tag/TagUpdateForm$TagUpdateFormBuilder;" line="11"><counter type="INSTRUCTION" missed="0" covered="4"/><counter type="LINE" missed="0" covered="1"/><counter type="COMPLEXITY" missed="0" covered="1"/><counter type="METHOD" missed="0" covered="1"/></method><method name="getNewName" desc="()Ljava/lang/String;" line="17"><counter type="INSTRUCTION" missed="0" covered="3"/><counter type="LINE" missed="0" covered="1"/><counter type="COMPLEXITY" missed="0" covered="1"/><counter type="METHOD" missed="0" covered="1"/></method><method name="setNewName" desc="(Ljava/lang/String;)V" line="10"><counter type="INSTRUCTION" missed="0" covered="4"/><counter type="LINE" missed="0" covered="1"/><counter type="COMPLEXITY" missed="0" covered="1"/><counter type="METHOD" missed="0" covered="1"/></method><method name="equals" desc="(Ljava/lang/Object;)Z" line="10"><counter type="INSTRUCTION" missed="32" covered="0"/><counter type="BRANCH" missed="10" covered="0"/><counter type="LINE" missed="1" covered="0"/><counter type="COMPLEXITY" missed="6" covered="0"/><counter type="METHOD" missed="1" covered="0"/></method><method name="hashCode" desc="()I" line="10"><counter type="INSTRUCTION" missed="20" covered="0"/><counter type="BRANCH" missed="2" covered="0"/><counter type="LINE" missed="1" covered="0"/><counter type="COMPLEXITY" missed="2" covered="0"/><counter type="METHOD" missed="1" covered="0"/></method><method name="toString" desc="()Ljava/lang/String;" line="10"><counter type="INSTRUCTION" missed="0" covered="4"/><counter type="LINE" missed="0" covered="1"/><counter type="COMPLEXITY" missed="0" covered="1"/><counter type="METHOD" missed="0" covered="1"/></method><method name="&lt;init&gt;" desc="()V" line="12"><counter type="INSTRUCTION" missed="0" covered="3"/><counter type="LINE" missed="0" covered="1"/><counter type="COMPLEXITY" missed="0" covered="1"/><counter type="METHOD" missed="0" covered="1"/></method><method name="&lt;init&gt;" desc="(Ljava/lang/String;)V" line="13"><counter type="INSTRUCTION" missed="0" covered="6"/><counter type="LINE" missed="0" covered="1"/><counter type="COMPLEXITY" missed="0" covered="1"/><counter type="METHOD" missed="0" covered="1"/></method><counter type="INSTRUCTION" missed="52" covered="24"/><counter type="BRANCH" missed="12" covered="0"/><counter type="LINE" missed="0" covered="5"/><counter type="COMPLEXITY" missed="8" covered="6"/><counter type="METHOD" missed="2" covered="6"/><counter type="CLASS" missed="0" covered="1"/></class><class name="com/jundaai/note/form/tag/TagCreationForm$TagCreationFormBuilder" sourcefilename="TagCreationForm.java"><method name="&lt;init&gt;" desc="()V" line="11"><counter type="INSTRUCTION" missed="0" covered="3"/><counter type="LINE" missed="0" covered="1"/><counter type="COMPLEXITY" missed="0" covered="1"/><counter type="METHOD" missed="0" covered="1"/></method><method name="name" desc="(Ljava/lang/String;)Lcom/jundaai/note/form/tag/TagCreationForm$TagCreationFormBuilder;" line="11"><counter type="INSTRUCTION" missed="0" covered="5"/><counter type="LINE" missed="0" covered="1"/><counter type="COMPLEXITY" missed="0" covered="1"/><counter type="METHOD" missed="0" covered="1"/></method><method name="build" desc="()Lcom/jundaai/note/form/tag/TagCreationForm;" line="11"><counter type="INSTRUCTION" missed="0" covered="6"/><counter type="LINE" missed="0" covered="1"/><counter type="COMPLEXITY" missed="0" covered="1"/><counter type="METHOD" missed="0" covered="1"/></method><method name="toString" desc="()Ljava/lang/String;" line="11"><counter type="INSTRUCTION" missed="4" covered="0"/><counter type="LINE" missed="1" covered="0"/><counter type="COMPLEXITY" missed="1" covered="0"/><counter type="METHOD" missed="1" covered="0"/></method><counter type="INSTRUCTION" missed="4" covered="14"/><counter type="LINE" missed="0" covered="1"/><counter type="COMPLEXITY" missed="1" covered="3"/><counter type="METHOD" missed="1" covered="3"/><counter type="CLASS" missed="0" covered="1"/></class><class name="com/jundaai/note/form/tag/TagCreationForm" sourcefilename="TagCreationForm.java"><method name="builder" desc="()Lcom/jundaai/note/form/tag/TagCreationForm$TagCreationFormBuilder;" line="11"><counter type="INSTRUCTION" missed="0" covered="4"/><counter type="LINE" missed="0" covered="1"/><counter type="COMPLEXITY" missed="0" covered="1"/><counter type="METHOD" missed="0" covered="1"/></method><method name="getName" desc="()Ljava/lang/String;" line="17"><counter type="INSTRUCTION" missed="0" covered="3"/><counter type="LINE" missed="0" covered="1"/><counter type="COMPLEXITY" missed="0" covered="1"/><counter type="METHOD" missed="0" covered="1"/></method><method name="setName" desc="(Ljava/lang/String;)V" line="10"><counter type="INSTRUCTION" missed="0" covered="4"/><counter type="LINE" missed="0" covered="1"/><counter type="COMPLEXITY" missed="0" covered="1"/><counter type="METHOD" missed="0" covered="1"/></method><method name="equals" desc="(Ljava/lang/Object;)Z" line="10"><counter type="INSTRUCTION" missed="32" covered="0"/><counter type="BRANCH" missed="10" covered="0"/><counter type="LINE" missed="1" covered="0"/><counter type="COMPLEXITY" missed="6" covered="0"/><counter type="METHOD" missed="1" covered="0"/></method><method name="hashCode" desc="()I" line="10"><counter type="INSTRUCTION" missed="20" covered="0"/><counter type="BRANCH" missed="2" covered="0"/><counter type="LINE" missed="1" covered="0"/><counter type="COMPLEXITY" missed="2" covered="0"/><counter type="METHOD" missed="1" covered="0"/></method><method name="toString" desc="()Ljava/lang/String;" line="10"><counter type="INSTRUCTION" missed="0" covered="4"/><counter type="LINE" missed="0" covered="1"/><counter type="COMPLEXITY" missed="0" covered="1"/><counter type="METHOD" missed="0" covered="1"/></method><method name="&lt;init&gt;" desc="()V" line="12"><counter type="INSTRUCTION" missed="0" covered="3"/><counter type="LINE" missed="0" covered="1"/><counter type="COMPLEXITY" missed="0" covered="1"/><counter type="METHOD" missed="0" covered="1"/></method><method name="&lt;init&gt;" desc="(Ljava/lang/String;)V" line="13"><counter type="INSTRUCTION" missed="0" covered="6"/><counter type="LINE" missed="0" covered="1"/><counter type="COMPLEXITY" missed="0" covered="1"/><counter type="METHOD" missed="0" covered="1"/></method><counter type="INSTRUCTION" missed="52" covered="24"/><counter type="BRANCH" missed="12" covered="0"/><counter type="LINE" missed="0" covered="5"/><counter type="COMPLEXITY" missed="8" covered="6"/><counter type="METHOD" missed="2" covered="6"/><counter type="CLASS" missed="0" covered="1"/></class><sourcefile name="TagUpdateForm.java"><line nr="10" mi="52" ci="8" mb="12" cb="0"/><line nr="11" mi="4" ci="18" mb="0" cb="0"/><line nr="12" mi="0" ci="3" mb="0" cb="0"/><line nr="13" mi="0" ci="6" mb="0" cb="0"/><line nr="17" mi="0" ci="3" mb="0" cb="0"/><counter type="INSTRUCTION" missed="56" covered="38"/><counter type="BRANCH" missed="12" covered="0"/><counter type="LINE" missed="0" covered="5"/><counter type="COMPLEXITY" missed="9" covered="9"/><counter type="METHOD" missed="3" covered="9"/><counter type="CLASS" missed="0" covered="2"/></sourcefile><sourcefile name="TagCreationForm.java"><line nr="10" mi="52" ci="8" mb="12" cb="0"/><line nr="11" mi="4" ci="18" mb="0" cb="0"/><line nr="12" mi="0" ci="3" mb="0" cb="0"/><line nr="13" mi="0" ci="6" mb="0" cb="0"/><line nr="17" mi="0" ci="3" mb="0" cb="0"/><counter type="INSTRUCTION" missed="56" covered="38"/><counter type="BRANCH" missed="12" covered="0"/><counter type="LINE" missed="0" covered="5"/><counter type="COMPLEXITY" missed="9" covered="9"/><counter type="METHOD" missed="3" covered="9"/><counter type="CLASS" missed="0" covered="2"/></sourcefile><counter type="INSTRUCTION" missed="112" covered="76"/><counter type="BRANCH" missed="24" covered="0"/><counter type="LINE" missed="0" covered="10"/><counter type="COMPLEXITY" missed="18" covered="18"/><counter type="METHOD" missed="6" covered="18"/><counter type="CLASS" missed="0" covered="4"/></package><package name="com/jundaai/note/exception"><class name="com/jundaai/note/exception/FolderNameBlankException" sourcefilename="FolderNameBlankException.java"><method name="&lt;init&gt;" desc="()V" line="10"><counter type="INSTRUCTION" missed="0" covered="4"/><counter type="LINE" missed="0" covered="2"/><counter type="COMPLEXITY" missed="0" covered="1"/><counter type="METHOD" missed="0" covered="1"/></method><counter type="INSTRUCTION" missed="0" covered="4"/><counter type="LINE" missed="0" covered="2"/><counter type="COMPLEXITY" missed="0" covered="1"/><counter type="METHOD" missed="0" covered="1"/><counter type="CLASS" missed="0" covered="1"/></class><class name="com/jundaai/note/exception/FolderNotFoundException" sourcefilename="FolderNotFoundException.java"><method name="&lt;init&gt;" desc="(Ljava/lang/Long;)V" line="10"><counter type="INSTRUCTION" missed="0" covered="5"/><counter type="LINE" missed="0" covered="2"/><counter type="COMPLEXITY" missed="0" covered="1"/><counter type="METHOD" missed="0" covered="1"/></method><counter type="INSTRUCTION" missed="0" covered="5"/><counter type="LINE" missed="0" covered="2"/><counter type="COMPLEXITY" missed="0" covered="1"/><counter type="METHOD" missed="0" covered="1"/><counter type="CLASS" missed="0" covered="1"/></class><class name="com/jundaai/note/exception/TagNameConflictException" sourcefilename="TagNameConflictException.java"><method name="&lt;init&gt;" desc="(Ljava/lang/String;)V" line="10"><counter type="INSTRUCTION" missed="0" covered="5"/><counter type="LINE" missed="0" covered="2"/><counter type="COMPLEXITY" missed="0" covered="1"/><counter type="METHOD" missed="0" covered="1"/></method><counter type="INSTRUCTION" missed="0" covered="5"/><counter type="LINE" missed="0" covered="2"/><counter type="COMPLEXITY" missed="0" covered="1"/><counter type="METHOD" missed="0" covered="1"/><counter type="CLASS" missed="0" covered="1"/></class><class name="com/jundaai/note/exception/TagNotFoundException" sourcefilename="TagNotFoundException.java"><method name="&lt;init&gt;" desc="(Ljava/lang/String;)V" line="10"><counter type="INSTRUCTION" missed="0" covered="5"/><counter type="LINE" missed="0" covered="2"/><counter type="COMPLEXITY" missed="0" covered="1"/><counter type="METHOD" missed="0" covered="1"/></method><counter type="INSTRUCTION" missed="0" covered="5"/><counter type="LINE" missed="0" covered="2"/><counter type="COMPLEXITY" missed="0" covered="1"/><counter type="METHOD" missed="0" covered="1"/><counter type="CLASS" missed="0" covered="1"/></class><class name="com/jundaai/note/exception/NoteNameConflictException" sourcefilename="NoteNameConflictException.java"><method name="&lt;init&gt;" desc="(Ljava/lang/String;)V" line="10"><counter type="INSTRUCTION" missed="0" covered="5"/><counter type="LINE" missed="0" covered="2"/><counter type="COMPLEXITY" missed="0" covered="1"/><counter type="METHOD" missed="0" covered="1"/></method><counter type="INSTRUCTION" missed="0" covered="5"/><counter type="LINE" missed="0" covered="2"/><counter type="COMPLEXITY" missed="0" covered="1"/><counter type="METHOD" missed="0" covered="1"/><counter type="CLASS" missed="0" covered="1"/></class><class name="com/jundaai/note/exception/FolderNameConflictException" sourcefilename="FolderNameConflictException.java"><method name="&lt;init&gt;" desc="(Ljava/lang/String;)V" line="10"><counter type="INSTRUCTION" missed="0" covered="5"/><counter type="LINE" missed="0" covered="2"/><counter type="COMPLEXITY" missed="0" covered="1"/><counter type="METHOD" missed="0" covered="1"/></method><counter type="INSTRUCTION" missed="0" covered="5"/><counter type="LINE" missed="0" covered="2"/><counter type="COMPLEXITY" missed="0" covered="1"/><counter type="METHOD" missed="0" covered="1"/><counter type="CLASS" missed="0" covered="1"/></class><class name="com/jundaai/note/exception/NoteNotFoundException" sourcefilename="NoteNotFoundException.java"><method name="&lt;init&gt;" desc="(Ljava/lang/Long;)V" line="10"><counter type="INSTRUCTION" missed="0" covered="5"/><counter type="LINE" missed="0" covered="2"/><counter type="COMPLEXITY" missed="0" covered="1"/><counter type="METHOD" missed="0" covered="1"/></method><counter type="INSTRUCTION" missed="0" covered="5"/><counter type="LINE" missed="0" covered="2"/><counter type="COMPLEXITY" missed="0" covered="1"/><counter type="METHOD" missed="0" covered="1"/><counter type="CLASS" missed="0" covered="1"/></class><class name="com/jundaai/note/exception/BadRequestException" sourcefilename="BadRequestException.java"><method name="&lt;init&gt;" desc="(Ljava/lang/String;)V" line="10"><counter type="INSTRUCTION" missed="0" covered="4"/><counter type="LINE" missed="0" covered="2"/><counter type="COMPLEXITY" missed="0" covered="1"/><counter type="METHOD" missed="0" covered="1"/></method><counter type="INSTRUCTION" missed="0" covered="4"/><counter type="LINE" missed="0" covered="2"/><counter type="COMPLEXITY" missed="0" covered="1"/><counter type="METHOD" missed="0" covered="1"/><counter type="CLASS" missed="0" covered="1"/></class><class name="com/jundaai/note/exception/RootPreservationException" sourcefilename="RootPreservationException.java"><method name="&lt;init&gt;" desc="(Ljava/lang/String;)V" line="10"><counter type="INSTRUCTION" missed="0" covered="5"/><counter type="LINE" missed="0" covered="2"/><counter type="COMPLEXITY" missed="0" covered="1"/><counter type="METHOD" missed="0" covered="1"/></method><counter type="INSTRUCTION" missed="0" covered="5"/><counter type="LINE" missed="0" covered="2"/><counter type="COMPLEXITY" missed="0" covered="1"/><counter type="METHOD" missed="0" covered="1"/><counter type="CLASS" missed="0" covered="1"/></class><sourcefile name="FolderNameBlankException.java"><line nr="10" mi="0" ci="3" mb="0" cb="0"/><line nr="11" mi="0" ci="1" mb="0" cb="0"/><counter type="INSTRUCTION" missed="0" covered="4"/><counter type="LINE" missed="0" covered="2"/><counter type="COMPLEXITY" missed="0" covered="1"/><counter type="METHOD" missed="0" covered="1"/><counter type="CLASS" missed="0" covered="1"/></sourcefile><sourcefile name="TagNameConflictException.java"><line nr="10" mi="0" ci="4" mb="0" cb="0"/><line nr="11" mi="0" ci="1" mb="0" cb="0"/><counter type="INSTRUCTION" missed="0" covered="5"/><counter type="LINE" missed="0" covered="2"/><counter type="COMPLEXITY" missed="0" covered="1"/><counter type="METHOD" missed="0" covered="1"/><counter type="CLASS" missed="0" covered="1"/></sourcefile><sourcefile name="RootPreservationException.java"><line nr="10" mi="0" ci="4" mb="0" cb="0"/><line nr="11" mi="0" ci="1" mb="0" cb="0"/><counter type="INSTRUCTION" missed="0" covered="5"/><counter type="LINE" missed="0" covered="2"/><counter type="COMPLEXITY" missed="0" covered="1"/><counter type="METHOD" missed="0" covered="1"/><counter type="CLASS" missed="0" covered="1"/></sourcefile><sourcefile name="BadRequestException.java"><line nr="10" mi="0" ci="3" mb="0" cb="0"/><line nr="11" mi="0" ci="1" mb="0" cb="0"/><counter type="INSTRUCTION" missed="0" covered="4"/><counter type="LINE" missed="0" covered="2"/><counter type="COMPLEXITY" missed="0" covered="1"/><counter type="METHOD" missed="0" covered="1"/><counter type="CLASS" missed="0" covered="1"/></sourcefile><sourcefile name="NoteNameConflictException.java"><line nr="10" mi="0" ci="4" mb="0" cb="0"/><line nr="11" mi="0" ci="1" mb="0" cb="0"/><counter type="INSTRUCTION" missed="0" covered="5"/><counter type="LINE" missed="0" covered="2"/><counter type="COMPLEXITY" missed="0" covered="1"/><counter type="METHOD" missed="0" covered="1"/><counter type="CLASS" missed="0" covered="1"/></sourcefile><sourcefile name="TagNotFoundException.java"><line nr="10" mi="0" ci="4" mb="0" cb="0"/><line nr="11" mi="0" ci="1" mb="0" cb="0"/><counter type="INSTRUCTION" missed="0" covered="5"/><counter type="LINE" missed="0" covered="2"/><counter type="COMPLEXITY" missed="0" covered="1"/><counter type="METHOD" missed="0" covered="1"/><counter type="CLASS" missed="0" covered="1"/></sourcefile><sourcefile name="NoteNotFoundException.java"><line nr="10" mi="0" ci="4" mb="0" cb="0"/><line nr="11" mi="0" ci="1" mb="0" cb="0"/><counter type="INSTRUCTION" missed="0" covered="5"/><counter type="LINE" missed="0" covered="2"/><counter type="COMPLEXITY" missed="0" covered="1"/><counter type="METHOD" missed="0" covered="1"/><counter type="CLASS" missed="0" covered="1"/></sourcefile><sourcefile name="FolderNameConflictException.java"><line nr="10" mi="0" ci="4" mb="0" cb="0"/><line nr="11" mi="0" ci="1" mb="0" cb="0"/><counter type="INSTRUCTION" missed="0" covered="5"/><counter type="LINE" missed="0" covered="2"/><counter type="COMPLEXITY" missed="0" covered="1"/><counter type="METHOD" missed="0" covered="1"/><counter type="CLASS" missed="0" covered="1"/></sourcefile><sourcefile name="FolderNotFoundException.java"><line nr="10" mi="0" ci="4" mb="0" cb="0"/><line nr="11" mi="0" ci="1" mb="0" cb="0"/><counter type="INSTRUCTION" missed="0" covered="5"/><counter type="LINE" missed="0" covered="2"/><counter type="COMPLEXITY" missed="0" covered="1"/><counter type="METHOD" missed="0" covered="1"/><counter type="CLASS" missed="0" covered="1"/></sourcefile><counter type="INSTRUCTION" missed="0" covered="43"/><counter type="LINE" missed="0" covered="18"/><counter type="COMPLEXITY" missed="0" covered="9"/><counter type="METHOD" missed="0" covered="9"/><counter type="CLASS" missed="0" covered="9"/></package><package name="com/jundaai/note/service"><class name="com/jundaai/note/service/FolderService" sourcefilename="FolderService.java"><method name="&lt;init&gt;" desc="(Lcom/jundaai/note/repository/FolderRepository;)V" line="29"><counter type="INSTRUCTION" missed="0" covered="6"/><counter type="LINE" missed="0" covered="3"/><counter type="COMPLEXITY" missed="0" covered="1"/><counter type="METHOD" missed="0" covered="1"/></method><method name="getAllFolders" desc="()Ljava/util/List;" line="34"><counter type="INSTRUCTION" missed="0" covered="7"/><counter type="LINE" missed="0" covered="2"/><counter type="COMPLEXITY" missed="0" covered="1"/><counter type="METHOD" missed="0" covered="1"/></method><method name="getFolderById" desc="(Ljava/lang/Long;)Lcom/jundaai/note/model/Folder;" line="39"><counter type="INSTRUCTION" missed="0" covered="13"/><counter type="LINE" missed="0" covered="4"/><counter type="COMPLEXITY" missed="0" covered="1"/><counter type="METHOD" missed="0" covered="1"/></method><method name="getSubFoldersByParentId" desc="(Ljava/lang/Long;)Ljava/util/List;" line="46"><counter type="INSTRUCTION" missed="0" covered="13"/><counter type="LINE" missed="0" covered="4"/><counter type="COMPLEXITY" missed="0" covered="1"/><counter type="METHOD" missed="0" covered="1"/></method><method name="createFolderByParentId" desc="(Ljava/lang/Long;Lcom/jundaai/note/form/folder/FolderCreationForm;)Lcom/jundaai/note/model/Folder;" line="54"><counter type="INSTRUCTION" missed="0" covered="93"/><counter type="BRANCH" missed="0" covered="6"/><counter type="LINE" missed="0" covered="28"/><counter type="COMPLEXITY" missed="0" covered="4"/><counter type="METHOD" missed="0" covered="1"/></method><method name="updateFolderById" desc="(Ljava/lang/Long;Lcom/jundaai/note/form/folder/FolderUpdateForm;)Lcom/jundaai/note/model/Folder;" line="95"><counter type="INSTRUCTION" missed="0" covered="160"/><counter type="BRANCH" missed="0" covered="15"/><counter type="LINE" missed="0" covered="44"/><counter type="COMPLEXITY" missed="0" covered="9"/><counter type="METHOD" missed="0" covered="1"/></method><method name="deleteFolderById" desc="(Ljava/lang/Long;)V" line="157"><counter type="INSTRUCTION" missed="0" covered="28"/><counter type="BRANCH" missed="0" covered="2"/><counter type="LINE" missed="0" covered="8"/><counter type="COMPLEXITY" missed="0" covered="2"/><counter type="METHOD" missed="0" covered="1"/></method><method name="lambda$deleteFolderById$5" desc="(Ljava/lang/Long;)Lcom/jundaai/note/exception/FolderNotFoundException;" line="160"><counter type="INSTRUCTION" missed="0" covered="5"/><counter type="LINE" missed="0" covered="1"/><counter type="COMPLEXITY" missed="0" covered="1"/><counter type="METHOD" missed="0" covered="1"/></method><method name="lambda$updateFolderById$4" desc="(Ljava/lang/Long;)Lcom/jundaai/note/exception/FolderNotFoundException;" line="123"><counter type="INSTRUCTION" missed="0" covered="5"/><counter type="LINE" missed="0" covered="1"/><counter type="COMPLEXITY" missed="0" covered="1"/><counter type="METHOD" missed="0" covered="1"/></method><method name="lambda$updateFolderById$3" desc="(Ljava/lang/Long;)Lcom/jundaai/note/exception/FolderNotFoundException;" line="99"><counter type="INSTRUCTION" missed="0" covered="5"/><counter type="LINE" missed="0" covered="1"/><counter type="COMPLEXITY" missed="0" covered="1"/><counter type="METHOD" missed="0" covered="1"/></method><method name="lambda$createFolderByParentId$2" desc="(Ljava/lang/Long;)Lcom/jundaai/note/exception/FolderNotFoundException;" line="66"><counter type="INSTRUCTION" missed="0" covered="5"/><counter type="LINE" missed="0" covered="1"/><counter type="COMPLEXITY" missed="0" covered="1"/><counter type="METHOD" missed="0" covered="1"/></method><method name="lambda$getSubFoldersByParentId$1" desc="(Ljava/lang/Long;)Lcom/jundaai/note/exception/FolderNotFoundException;" line="49"><counter type="INSTRUCTION" missed="0" covered="5"/><counter type="LINE" missed="0" covered="1"/><counter type="COMPLEXITY" missed="0" covered="1"/><counter type="METHOD" missed="0" covered="1"/></method><method name="lambda$getFolderById$0" desc="(Ljava/lang/Long;)Lcom/jundaai/note/exception/FolderNotFoundException;" line="42"><counter type="INSTRUCTION" missed="0" covered="5"/><counter type="LINE" missed="0" covered="1"/><counter type="COMPLEXITY" missed="0" covered="1"/><counter type="METHOD" missed="0" covered="1"/></method><method name="&lt;clinit&gt;" desc="()V" line="23"><counter type="INSTRUCTION" missed="0" covered="4"/><counter type="LINE" missed="0" covered="1"/><counter type="COMPLEXITY" missed="0" covered="1"/><counter type="METHOD" missed="0" covered="1"/></method><counter type="INSTRUCTION" missed="0" covered="354"/><counter type="BRANCH" missed="0" covered="23"/><counter type="LINE" missed="0" covered="94"/><counter type="COMPLEXITY" missed="0" covered="26"/><counter type="METHOD" missed="0" covered="14"/><counter type="CLASS" missed="0" covered="1"/></class><class name="com/jundaai/note/service/TagService" sourcefilename="TagService.java"><method name="&lt;init&gt;" desc="(Lcom/jundaai/note/repository/NoteRepository;Lcom/jundaai/note/repository/TagRepository;)V" line="28"><counter type="INSTRUCTION" missed="0" covered="9"/><counter type="LINE" missed="0" covered="4"/><counter type="COMPLEXITY" missed="0" covered="1"/><counter type="METHOD" missed="0" covered="1"/></method><method name="getAllTags" desc="()Ljava/util/List;" line="34"><counter type="INSTRUCTION" missed="0" covered="7"/><counter type="LINE" missed="0" covered="2"/><counter type="COMPLEXITY" missed="0" covered="1"/><counter type="METHOD" missed="0" covered="1"/></method><method name="getAllTagsByNoteId" desc="(Ljava/lang/Long;)Ljava/util/List;" line="39"><counter type="INSTRUCTION" missed="0" covered="13"/><counter type="LINE" missed="0" covered="4"/><counter type="COMPLEXITY" missed="0" covered="1"/><counter type="METHOD" missed="0" covered="1"/></method><method name="getTagById" desc="(Ljava/lang/Long;)Lcom/jundaai/note/model/Tag;" line="46"><counter type="INSTRUCTION" missed="0" covered="13"/><counter type="LINE" missed="0" covered="4"/><counter type="COMPLEXITY" missed="0" covered="1"/><counter type="METHOD" missed="0" covered="1"/></method><method name="createTag" desc="(Lcom/jundaai/note/form/tag/TagCreationForm;)Lcom/jundaai/note/model/Tag;" line="54"><counter type="INSTRUCTION" missed="0" covered="50"/><counter type="BRANCH" missed="1" covered="5"/><counter type="LINE" missed="0" covered="15"/><counter type="COMPLEXITY" missed="1" covered="3"/><counter type="METHOD" missed="0" covered="1"/></method><method name="updateTagById" desc="(Ljava/lang/Long;Lcom/jundaai/note/form/tag/TagUpdateForm;)Lcom/jundaai/note/model/Tag;" line="79"><counter type="INSTRUCTION" missed="0" covered="41"/><counter type="BRANCH" missed="0" covered="2"/><counter type="LINE" missed="0" covered="11"/><counter type="COMPLEXITY" missed="0" covered="2"/><counter type="METHOD" missed="0" covered="1"/></method><method name="deleteTagById" desc="(Ljava/lang/Long;)V" line="97"><counter type="INSTRUCTION" missed="0" covered="24"/><counter type="LINE" missed="0" covered="7"/><counter type="COMPLEXITY" missed="0" covered="1"/><counter type="METHOD" missed="0" covered="1"/></method><method name="lambda$deleteTagById$4" desc="(Lcom/jundaai/note/model/Tag;Lcom/jundaai/note/model/Note;)V" line="103"><counter type="INSTRUCTION" missed="0" covered="16"/><counter type="LINE" missed="0" covered="5"/><counter type="COMPLEXITY" missed="0" covered="1"/><counter type="METHOD" missed="0" covered="1"/></method><method name="lambda$deleteTagById$3" desc="(Ljava/lang/Long;)Lcom/jundaai/note/exception/TagNotFoundException;" line="100"><counter type="INSTRUCTION" missed="0" covered="6"/><counter type="LINE" missed="0" covered="1"/><counter type="COMPLEXITY" missed="0" covered="1"/><counter type="METHOD" missed="0" covered="1"/></method><method name="lambda$updateTagById$2" desc="(Ljava/lang/Long;)Lcom/jundaai/note/exception/TagNotFoundException;" line="82"><counter type="INSTRUCTION" missed="0" covered="6"/><counter type="LINE" missed="0" covered="1"/><counter type="COMPLEXITY" missed="0" covered="1"/><counter type="METHOD" missed="0" covered="1"/></method><method name="lambda$getTagById$1" desc="(Ljava/lang/Long;)Lcom/jundaai/note/exception/TagNotFoundException;" line="49"><counter type="INSTRUCTION" missed="0" covered="6"/><counter type="LINE" missed="0" covered="1"/><counter type="COMPLEXITY" missed="0" covered="1"/><counter type="METHOD" missed="0" covered="1"/></method><method name="lambda$getAllTagsByNoteId$0" desc="(Ljava/lang/Long;)Lcom/jundaai/note/exception/NoteNotFoundException;" line="42"><counter type="INSTRUCTION" missed="0" covered="5"/><counter type="LINE" missed="0" covered="1"/><counter type="COMPLEXITY" missed="0" covered="1"/><counter type="METHOD" missed="0" covered="1"/></method><method name="&lt;clinit&gt;" desc="()V" line="21"><counter type="INSTRUCTION" missed="0" covered="4"/><counter type="LINE" missed="0" covered="1"/><counter type="COMPLEXITY" missed="0" covered="1"/><counter type="METHOD" missed="0" covered="1"/></method><counter type="INSTRUCTION" missed="0" covered="200"/><counter type="BRANCH" missed="1" covered="7"/><counter type="LINE" missed="0" covered="53"/><counter type="COMPLEXITY" missed="1" covered="16"/><counter type="METHOD" missed="0" covered="13"/><counter type="CLASS" missed="0" covered="1"/></class><class name="com/jundaai/note/service/NoteService" sourcefilename="NoteService.java"><method name="&lt;init&gt;" desc="(Lcom/jundaai/note/repository/FolderRepository;Lcom/jundaai/note/repository/NoteRepository;Lcom/jundaai/note/repository/TagRepository;)V" line="32"><counter type="INSTRUCTION" missed="0" covered="12"/><counter type="LINE" missed="0" covered="5"/><counter type="COMPLEXITY" missed="0" covered="1"/><counter type="METHOD" missed="0" covered="1"/></method><method name="getAllNotes" desc="()Ljava/util/List;" line="39"><counter type="INSTRUCTION" missed="0" covered="7"/><counter type="LINE" missed="0" covered="2"/><counter type="COMPLEXITY" missed="0" covered="1"/><counter type="METHOD" missed="0" covered="1"/></method><method name="getAllNotesByFolderId" desc="(Ljava/lang/Long;)Ljava/util/List;" line="44"><counter type="INSTRUCTION" missed="0" covered="16"/><counter type="LINE" missed="0" covered="5"/><counter type="COMPLEXITY" missed="0" covered="1"/><counter type="METHOD" missed="0" covered="1"/></method><method name="getAllNotesByTagId" desc="(Ljava/lang/Long;)Ljava/util/List;" line="52"><counter type="INSTRUCTION" missed="0" covered="16"/><counter type="LINE" missed="0" covered="5"/><counter type="COMPLEXITY" missed="0" covered="1"/><counter type="METHOD" missed="0" covered="1"/></method><method name="getNoteById" desc="(Ljava/lang/Long;)Lcom/jundaai/note/model/Note;" line="60"><counter type="INSTRUCTION" missed="0" covered="13"/><counter type="LINE" missed="0" covered="4"/><counter type="COMPLEXITY" missed="0" covered="1"/><counter type="METHOD" missed="0" covered="1"/></method><method name="createNoteByFolderId" desc="(Ljava/lang/Long;Lcom/jundaai/note/form/note/NoteCreationForm;)Lcom/jundaai/note/model/Note;" line="68"><counter type="INSTRUCTION" missed="0" covered="76"/><counter type="BRANCH" missed="0" covered="2"/><counter type="LINE" missed="0" covered="24"/><counter type="COMPLEXITY" missed="0" covered="2"/><counter type="METHOD" missed="0" covered="1"/></method><method name="updateNoteById" desc="(Ljava/lang/Long;Lcom/jundaai/note/form/note/NoteUpdateForm;)Lcom/jundaai/note/model/Note;" line="102"><counter type="INSTRUCTION" missed="0" covered="271"/><counter type="BRANCH" missed="0" covered="18"/><counter type="LINE" missed="0" covered="80"/><counter type="COMPLEXITY" missed="0" covered="12"/><counter type="METHOD" missed="0" covered="1"/></method><method name="deleteNoteById" desc="(Ljava/lang/Long;)V" line="209"><counter type="INSTRUCTION" missed="0" covered="39"/><counter type="LINE" missed="0" covered="12"/><counter type="COMPLEXITY" missed="0" covered="1"/><counter type="METHOD" missed="0" covered="1"/></method><method name="lambda$deleteNoteById$7" desc="(Ljava/lang/Long;)Lcom/jundaai/note/exception/NoteNotFoundException;" line="212"><counter type="INSTRUCTION" missed="0" covered="5"/><counter type="LINE" missed="0" covered="1"/><counter type="COMPLEXITY" missed="0" covered="1"/><counter type="METHOD" missed="0" covered="1"/></method><method name="lambda$updateNoteById$6" desc="(Ljava/lang/String;)Lcom/jundaai/note/exception/TagNotFoundException;" line="185"><counter type="INSTRUCTION" missed="0" covered="6"/><counter type="LINE" missed="0" covered="1"/><counter type="COMPLEXITY" missed="0" covered="1"/><counter type="METHOD" missed="0" covered="1"/></method><method name="lambda$updateNoteById$5" desc="(Ljava/lang/Long;)Lcom/jundaai/note/exception/FolderNotFoundException;" line="129"><counter type="INSTRUCTION" missed="0" covered="5"/><counter type="LINE" missed="0" covered="1"/><counter type="COMPLEXITY" missed="0" covered="1"/><counter type="METHOD" missed="0" covered="1"/></method><method name="lambda$updateNoteById$4" desc="(Ljava/lang/Long;)Lcom/jundaai/note/exception/NoteNotFoundException;" line="106"><counter type="INSTRUCTION" missed="0" covered="5"/><counter type="LINE" missed="0" covered="1"/><counter type="COMPLEXITY" missed="0" covered="1"/><counter type="METHOD" missed="0" covered="1"/></method><method name="lambda$createNoteByFolderId$3" desc="(Ljava/lang/Long;)Lcom/jundaai/note/exception/FolderNotFoundException;" line="73"><counter type="INSTRUCTION" missed="0" covered="5"/><counter type="LINE" missed="0" covered="1"/><counter type="COMPLEXITY" missed="0" covered="1"/><counter type="METHOD" missed="0" covered="1"/></method><method name="lambda$getNoteById$2" desc="(Ljava/lang/Long;)Lcom/jundaai/note/exception/NoteNotFoundException;" line="63"><counter type="INSTRUCTION" missed="0" covered="5"/><counter type="LINE" missed="0" covered="1"/><counter type="COMPLEXITY" missed="0" covered="1"/><counter type="METHOD" missed="0" covered="1"/></method><method name="lambda$getAllNotesByTagId$1" desc="(Ljava/lang/Long;)Lcom/jundaai/note/exception/TagNotFoundException;" line="55"><counter type="INSTRUCTION" missed="0" covered="6"/><counter type="LINE" missed="0" covered="1"/><counter type="COMPLEXITY" missed="0" covered="1"/><counter type="METHOD" missed="0" covered="1"/></method><method name="lambda$getAllNotesByFolderId$0" desc="(Ljava/lang/Long;)Lcom/jundaai/note/exception/FolderNotFoundException;" line="47"><counter type="INSTRUCTION" missed="0" covered="5"/><counter type="LINE" missed="0" covered="1"/><counter type="COMPLEXITY" missed="0" covered="1"/><counter type="METHOD" missed="0" covered="1"/></method><method name="&lt;clinit&gt;" desc="()V" line="24"><counter type="INSTRUCTION" missed="0" covered="4"/><counter type="LINE" missed="0" covered="1"/><counter type="COMPLEXITY" missed="0" covered="1"/><counter type="METHOD" missed="0" covered="1"/></method><counter type="INSTRUCTION" missed="0" covered="496"/><counter type="BRANCH" missed="0" covered="20"/><counter type="LINE" missed="0" covered="138"/><counter type="COMPLEXITY" missed="0" covered="29"/><counter type="METHOD" missed="0" covered="17"/><counter type="CLASS" missed="0" covered="1"/></class><sourcefile name="FolderService.java"><line nr="23" mi="0" ci="4" mb="0" cb="0"/><line nr="29" mi="0" ci="2" mb="0" cb="0"/><line nr="30" mi="0" ci="3" mb="0" cb="0"/><line nr="31" mi="0" ci="1" mb="0" cb="0"/><line nr="34" mi="0" ci="3" mb="0" cb="0"/><line nr="35" mi="0" ci="4" mb="0" cb="0"/><line nr="39" mi="0" ci="4" mb="0" cb="0"/><line nr="40" mi="0" ci="4" mb="0" cb="0"/><line nr="41" mi="0" ci="3" mb="0" cb="0"/><line nr="42" mi="0" ci="7" mb="0" cb="0"/><line nr="46" mi="0" ci="4" mb="0" cb="0"/><line nr="47" mi="0" ci="4" mb="0" cb="0"/><line nr="48" mi="0" ci="3" mb="0" cb="0"/><line nr="49" mi="0" ci="7" mb="0" cb="0"/><line nr="54" mi="0" ci="5" mb="0" cb="0"/><line nr="56" mi="0" ci="3" mb="0" cb="0"/><line nr="57" mi="0" ci="4" mb="0" cb="2"/><line nr="58" mi="0" ci="5" mb="0" cb="0"/><line nr="60" mi="0" ci="3" mb="0" cb="2"/><line nr="61" mi="0" ci="4" mb="0" cb="0"/><line nr="64" mi="0" ci="3" mb="0" cb="0"/><line nr="65" mi="0" ci="3" mb="0" cb="0"/><line nr="66" mi="0" ci="8" mb="0" cb="0"/><line nr="67" mi="0" ci="6" mb="0" cb="0"/><line nr="68" mi="0" ci="2" mb="0" cb="2"/><line nr="69" mi="0" ci="5" mb="0" cb="0"/><line nr="72" mi="0" ci="2" mb="0" cb="0"/><line nr="74" mi="0" ci="2" mb="0" cb="0"/><line nr="75" mi="0" ci="2" mb="0" cb="0"/><line nr="76" mi="0" ci="2" mb="0" cb="0"/><line nr="77" mi="0" ci="2" mb="0" cb="0"/><line nr="78" mi="0" ci="4" mb="0" cb="0"/><line nr="79" mi="0" ci="4" mb="0" cb="0"/><line nr="80" mi="0" ci="1" mb="0" cb="0"/><line nr="81" mi="0" ci="2" mb="0" cb="0"/><line nr="82" mi="0" ci="6" mb="0" cb="0"/><line nr="84" mi="0" ci="3" mb="0" cb="0"/><line nr="85" mi="0" ci="4" mb="0" cb="0"/><line nr="86" mi="0" ci="3" mb="0" cb="0"/><line nr="87" mi="0" ci="3" mb="0" cb="0"/><line nr="88" mi="0" ci="5" mb="0" cb="0"/><line nr="90" mi="0" ci="2" mb="0" cb="0"/><line nr="95" mi="0" ci="5" mb="0" cb="0"/><line nr="96" mi="0" ci="2" mb="0" cb="0"/><line nr="97" mi="0" ci="3" mb="0" cb="0"/><line nr="98" mi="0" ci="3" mb="0" cb="0"/><line nr="99" mi="0" ci="8" mb="0" cb="0"/><line nr="100" mi="0" ci="5" mb="0" cb="2"/><line nr="101" mi="0" ci="6" mb="0" cb="0"/><line nr="104" mi="0" ci="9" mb="0" cb="3"/><line nr="106" mi="0" ci="3" mb="0" cb="0"/><line nr="107" mi="0" ci="4" mb="0" cb="2"/><line nr="108" mi="0" ci="5" mb="0" cb="0"/><line nr="110" mi="0" ci="3" mb="0" cb="2"/><line nr="111" mi="0" ci="4" mb="0" cb="0"/><line nr="113" mi="0" ci="7" mb="0" cb="0"/><line nr="114" mi="0" ci="2" mb="0" cb="2"/><line nr="115" mi="0" ci="5" mb="0" cb="0"/><line nr="117" mi="0" ci="3" mb="0" cb="0"/><line nr="118" mi="0" ci="1" mb="0" cb="0"/><line nr="120" mi="0" ci="3" mb="0" cb="0"/><line nr="121" mi="0" ci="3" mb="0" cb="0"/><line nr="122" mi="0" ci="3" mb="0" cb="0"/><line nr="123" mi="0" ci="8" mb="0" cb="0"/><line nr="124" mi="0" ci="3" mb="0" cb="0"/><line nr="126" mi="0" ci="4" mb="0" cb="2"/><line nr="127" mi="0" ci="3" mb="0" cb="0"/><line nr="128" mi="0" ci="2" mb="0" cb="0"/><line nr="130" mi="0" ci="4" mb="0" cb="2"/><line nr="131" mi="0" ci="3" mb="0" cb="0"/><line nr="132" mi="0" ci="2" mb="0" cb="0"/><line nr="135" mi="0" ci="3" mb="0" cb="0"/><line nr="137" mi="0" ci="3" mb="0" cb="0"/><line nr="138" mi="0" ci="4" mb="0" cb="0"/><line nr="139" mi="0" ci="3" mb="0" cb="0"/><line nr="140" mi="0" ci="3" mb="0" cb="0"/><line nr="141" mi="0" ci="5" mb="0" cb="0"/><line nr="143" mi="0" ci="3" mb="0" cb="0"/><line nr="144" mi="0" ci="4" mb="0" cb="0"/><line nr="145" mi="0" ci="3" mb="0" cb="0"/><line nr="146" mi="0" ci="3" mb="0" cb="0"/><line nr="147" mi="0" ci="5" mb="0" cb="0"/><line nr="148" mi="0" ci="1" mb="0" cb="0"/><line nr="149" mi="0" ci="5" mb="0" cb="0"/><line nr="151" mi="0" ci="3" mb="0" cb="0"/><line nr="152" mi="0" ci="6" mb="0" cb="0"/><line nr="157" mi="0" ci="4" mb="0" cb="0"/><line nr="158" mi="0" ci="3" mb="0" cb="0"/><line nr="159" mi="0" ci="3" mb="0" cb="0"/><line nr="160" mi="0" ci="8" mb="0" cb="0"/><line nr="161" mi="0" ci="5" mb="0" cb="2"/><line nr="162" mi="0" ci="5" mb="0" cb="0"/><line nr="164" mi="0" ci="4" mb="0" cb="0"/><line nr="165" mi="0" ci="1" mb="0" cb="0"/><counter type="INSTRUCTION" missed="0" covered="354"/><counter type="BRANCH" missed="0" covered="23"/><counter type="LINE" missed="0" covered="94"/><counter type="COMPLEXITY" missed="0" covered="26"/><counter type="METHOD" missed="0" covered="14"/><counter type="CLASS" missed="0" covered="1"/></sourcefile><sourcefile name="NoteService.java"><line nr="24" mi="0" ci="4" mb="0" cb="0"/><line nr="32" mi="0" ci="2" mb="0" cb="0"/><line nr="33" mi="0" ci="3" mb="0" cb="0"/><line nr="34" mi="0" ci="3" mb="0" cb="0"/><line nr="35" mi="0" ci="3" mb="0" cb="0"/><line nr="36" mi="0" ci="1" mb="0" cb="0"/><line nr="39" mi="0" ci="3" mb="0" cb="0"/><line nr="40" mi="0" ci="4" mb="0" cb="0"/><line nr="44" mi="0" ci="4" mb="0" cb="0"/><line nr="45" mi="0" ci="3" mb="0" cb="0"/><line nr="46" mi="0" ci="3" mb="0" cb="0"/><line nr="47" mi="0" ci="8" mb="0" cb="0"/><line nr="48" mi="0" ci="3" mb="0" cb="0"/><line nr="52" mi="0" ci="4" mb="0" cb="0"/><line nr="53" mi="0" ci="3" mb="0" cb="0"/><line nr="54" mi="0" ci="3" mb="0" cb="0"/><line nr="55" mi="0" ci="9" mb="0" cb="0"/><line nr="56" mi="0" ci="3" mb="0" cb="0"/><line nr="60" mi="0" ci="4" mb="0" cb="0"/><line nr="61" mi="0" ci="4" mb="0" cb="0"/><line nr="62" mi="0" ci="3" mb="0" cb="0"/><line nr="63" mi="0" ci="7" mb="0" cb="0"/><line nr="68" mi="0" ci="5" mb="0" cb="0"/><line nr="70" mi="0" ci="3" mb="0" cb="0"/><line nr="71" mi="0" ci="3" mb="0" cb="0"/><line nr="72" mi="0" ci="3" mb="0" cb="0"/><line nr="73" mi="0" ci="8" mb="0" cb="0"/><line nr="74" mi="0" ci="6" mb="0" cb="0"/><line nr="75" mi="0" ci="2" mb="0" cb="2"/><line nr="76" mi="0" ci="5" mb="0" cb="0"/><line nr="79" mi="0" ci="2" mb="0" cb="0"/><line nr="81" mi="0" ci="2" mb="0" cb="0"/><line nr="82" mi="0" ci="2" mb="0" cb="0"/><line nr="83" mi="0" ci="3" mb="0" cb="0"/><line nr="84" mi="0" ci="2" mb="0" cb="0"/><line nr="85" mi="0" ci="2" mb="0" cb="0"/><line nr="86" mi="0" ci="4" mb="0" cb="0"/><line nr="87" mi="0" ci="1" mb="0" cb="0"/><line nr="88" mi="0" ci="2" mb="0" cb="0"/><line nr="89" mi="0" ci="6" mb="0" cb="0"/><line nr="91" mi="0" ci="3" mb="0" cb="0"/><line nr="92" mi="0" ci="4" mb="0" cb="0"/><line nr="93" mi="0" ci="3" mb="0" cb="0"/><line nr="94" mi="0" ci="3" mb="0" cb="0"/><line nr="95" mi="0" ci="5" mb="0" cb="0"/><line nr="97" mi="0" ci="2" mb="0" cb="0"/><line nr="102" mi="0" ci="5" mb="0" cb="0"/><line nr="103" mi="0" ci="2" mb="0" cb="0"/><line nr="104" mi="0" ci="3" mb="0" cb="0"/><line nr="105" mi="0" ci="3" mb="0" cb="0"/><line nr="106" mi="0" ci="8" mb="0" cb="0"/><line nr="108" mi="0" ci="9" mb="0" cb="6"/><line nr="110" mi="0" ci="3" mb="0" cb="0"/><line nr="111" mi="0" ci="7" mb="0" cb="0"/><line nr="112" mi="0" ci="2" mb="0" cb="2"/><line nr="113" mi="0" ci="5" mb="0" cb="0"/><line nr="115" mi="0" ci="3" mb="0" cb="0"/><line nr="116" mi="0" ci="1" mb="0" cb="0"/><line nr="118" mi="0" ci="3" mb="0" cb="0"/><line nr="119" mi="0" ci="5" mb="0" cb="2"/><line nr="120" mi="0" ci="3" mb="0" cb="0"/><line nr="121" mi="0" ci="2" mb="0" cb="0"/><line nr="123" mi="0" ci="3" mb="0" cb="0"/><line nr="124" mi="0" ci="1" mb="0" cb="0"/><line nr="126" mi="0" ci="3" mb="0" cb="0"/><line nr="127" mi="0" ci="3" mb="0" cb="0"/><line nr="128" mi="0" ci="3" mb="0" cb="0"/><line nr="129" mi="0" ci="8" mb="0" cb="0"/><line nr="130" mi="0" ci="3" mb="0" cb="0"/><line nr="131" mi="0" ci="4" mb="0" cb="2"/><line nr="132" mi="0" ci="3" mb="0" cb="0"/><line nr="133" mi="0" ci="2" mb="0" cb="0"/><line nr="136" mi="0" ci="3" mb="0" cb="0"/><line nr="138" mi="0" ci="3" mb="0" cb="0"/><line nr="139" mi="0" ci="4" mb="0" cb="0"/><line nr="140" mi="0" ci="3" mb="0" cb="0"/><line nr="141" mi="0" ci="3" mb="0" cb="0"/><line nr="142" mi="0" ci="5" mb="0" cb="0"/><line nr="144" mi="0" ci="3" mb="0" cb="0"/><line nr="145" mi="0" ci="4" mb="0" cb="0"/><line nr="146" mi="0" ci="3" mb="0" cb="0"/><line nr="147" mi="0" ci="3" mb="0" cb="0"/><line nr="148" mi="0" ci="5" mb="0" cb="0"/><line nr="149" mi="0" ci="1" mb="0" cb="0"/><line nr="152" mi="0" ci="3" mb="0" cb="0"/><line nr="153" mi="0" ci="5" mb="0" cb="0"/><line nr="154" mi="0" ci="2" mb="0" cb="2"/><line nr="155" mi="0" ci="5" mb="0" cb="0"/><line nr="156" mi="0" ci="5" mb="0" cb="2"/><line nr="157" mi="0" ci="3" mb="0" cb="0"/><line nr="158" mi="0" ci="2" mb="0" cb="0"/><line nr="162" mi="0" ci="2" mb="0" cb="0"/><line nr="163" mi="0" ci="2" mb="0" cb="0"/><line nr="164" mi="0" ci="2" mb="0" cb="0"/><line nr="165" mi="0" ci="4" mb="0" cb="0"/><line nr="166" mi="0" ci="1" mb="0" cb="0"/><line nr="167" mi="0" ci="2" mb="0" cb="0"/><line nr="168" mi="0" ci="6" mb="0" cb="0"/><line nr="171" mi="0" ci="3" mb="0" cb="0"/><line nr="172" mi="0" ci="4" mb="0" cb="0"/><line nr="173" mi="0" ci="3" mb="0" cb="0"/><line nr="175" mi="0" ci="3" mb="0" cb="0"/><line nr="176" mi="0" ci="4" mb="0" cb="0"/><line nr="177" mi="0" ci="3" mb="0" cb="0"/><line nr="178" mi="0" ci="3" mb="0" cb="0"/><line nr="179" mi="0" ci="5" mb="0" cb="0"/><line nr="180" mi="0" ci="1" mb="0" cb="0"/><line nr="182" mi="0" ci="3" mb="0" cb="0"/><line nr="183" mi="0" ci="3" mb="0" cb="0"/><line nr="184" mi="0" ci="3" mb="0" cb="0"/><line nr="185" mi="0" ci="9" mb="0" cb="0"/><line nr="186" mi="0" ci="5" mb="0" cb="2"/><line nr="187" mi="0" ci="7" mb="0" cb="0"/><line nr="190" mi="0" ci="3" mb="0" cb="0"/><line nr="191" mi="0" ci="4" mb="0" cb="0"/><line nr="192" mi="0" ci="3" mb="0" cb="0"/><line nr="194" mi="0" ci="3" mb="0" cb="0"/><line nr="195" mi="0" ci="4" mb="0" cb="0"/><line nr="196" mi="0" ci="3" mb="0" cb="0"/><line nr="197" mi="0" ci="3" mb="0" cb="0"/><line nr="198" mi="0" ci="5" mb="0" cb="0"/><line nr="199" mi="0" ci="1" mb="0" cb="0"/><line nr="200" mi="0" ci="5" mb="0" cb="0"/><line nr="202" mi="0" ci="3" mb="0" cb="0"/><line nr="203" mi="0" ci="4" mb="0" cb="0"/><line nr="204" mi="0" ci="6" mb="0" cb="0"/><line nr="209" mi="0" ci="4" mb="0" cb="0"/><line nr="210" mi="0" ci="3" mb="0" cb="0"/><line nr="211" mi="0" ci="3" mb="0" cb="0"/><line nr="212" mi="0" ci="8" mb="0" cb="0"/><line nr="214" mi="0" ci="3" mb="0" cb="0"/><line nr="215" mi="0" ci="3" mb="0" cb="0"/><line nr="216" mi="0" ci="4" mb="0" cb="0"/><line nr="217" mi="0" ci="3" mb="0" cb="0"/><line nr="218" mi="0" ci="3" mb="0" cb="0"/><line nr="219" mi="0" ci="5" mb="0" cb="0"/><line nr="221" mi="0" ci="4" mb="0" cb="0"/><line nr="222" mi="0" ci="1" mb="0" cb="0"/><counter type="INSTRUCTION" missed="0" covered="496"/><counter type="BRANCH" missed="0" covered="20"/><counter type="LINE" missed="0" covered="138"/><counter type="COMPLEXITY" missed="0" covered="29"/><counter type="METHOD" missed="0" covered="17"/><counter type="CLASS" missed="0" covered="1"/></sourcefile><sourcefile name="TagService.java"><line nr="21" mi="0" ci="4" mb="0" cb="0"/><line nr="28" mi="0" ci="2" mb="0" cb="0"/><line nr="29" mi="0" ci="3" mb="0" cb="0"/><line nr="30" mi="0" ci="3" mb="0" cb="0"/><line nr="31" mi="0" ci="1" mb="0" cb="0"/><line nr="34" mi="0" ci="3" mb="0" cb="0"/><line nr="35" mi="0" ci="4" mb="0" cb="0"/><line nr="39" mi="0" ci="4" mb="0" cb="0"/><line nr="40" mi="0" ci="4" mb="0" cb="0"/><line nr="41" mi="0" ci="3" mb="0" cb="0"/><line nr="42" mi="0" ci="7" mb="0" cb="0"/><line nr="46" mi="0" ci="4" mb="0" cb="0"/><line nr="47" mi="0" ci="4" mb="0" cb="0"/><line nr="48" mi="0" ci="3" mb="0" cb="0"/><line nr="49" mi="0" ci="8" mb="0" cb="0"/><line nr="54" mi="0" ci="4" mb="0" cb="0"/><line nr="55" mi="0" ci="3" mb="0" cb="0"/><line nr="57" mi="0" ci="5" mb="1" cb="3"/><line nr="58" mi="0" ci="5" mb="0" cb="0"/><line nr="60" mi="0" ci="5" mb="0" cb="0"/><line nr="61" mi="0" ci="2" mb="0" cb="2"/><line nr="62" mi="0" ci="5" mb="0" cb="0"/><line nr="65" mi="0" ci="2" mb="0" cb="0"/><line nr="67" mi="0" ci="2" mb="0" cb="0"/><line nr="68" mi="0" ci="2" mb="0" cb="0"/><line nr="69" mi="0" ci="2" mb="0" cb="0"/><line nr="70" mi="0" ci="4" mb="0" cb="0"/><line nr="71" mi="0" ci="1" mb="0" cb="0"/><line nr="72" mi="0" ci="2" mb="0" cb="0"/><line nr="73" mi="0" ci="6" mb="0" cb="0"/><line nr="79" mi="0" ci="5" mb="0" cb="0"/><line nr="80" mi="0" ci="3" mb="0" cb="0"/><line nr="81" mi="0" ci="3" mb="0" cb="0"/><line nr="82" mi="0" ci="9" mb="0" cb="0"/><line nr="83" mi="0" ci="3" mb="0" cb="0"/><line nr="85" mi="0" ci="5" mb="0" cb="0"/><line nr="86" mi="0" ci="2" mb="0" cb="2"/><line nr="87" mi="0" ci="5" mb="0" cb="0"/><line nr="90" mi="0" ci="3" mb="0" cb="0"/><line nr="91" mi="0" ci="3" mb="0" cb="0"/><line nr="92" mi="0" ci="6" mb="0" cb="0"/><line nr="97" mi="0" ci="4" mb="0" cb="0"/><line nr="98" mi="0" ci="3" mb="0" cb="0"/><line nr="99" mi="0" ci="3" mb="0" cb="0"/><line nr="100" mi="0" ci="9" mb="0" cb="0"/><line nr="102" mi="0" ci="6" mb="0" cb="0"/><line nr="103" mi="0" ci="3" mb="0" cb="0"/><line nr="104" mi="0" ci="4" mb="0" cb="0"/><line nr="105" mi="0" ci="3" mb="0" cb="0"/><line nr="106" mi="0" ci="5" mb="0" cb="0"/><line nr="107" mi="0" ci="1" mb="0" cb="0"/><line nr="109" mi="0" ci="4" mb="0" cb="0"/><line nr="110" mi="0" ci="1" mb="0" cb="0"/><counter type="INSTRUCTION" missed="0" covered="200"/><counter type="BRANCH" missed="1" covered="7"/><counter type="LINE" missed="0" covered="53"/><counter type="COMPLEXITY" missed="1" covered="16"/><counter type="METHOD" missed="0" covered="13"/><counter type="CLASS" missed="0" covered="1"/></sourcefile><counter type="INSTRUCTION" missed="0" covered="1050"/><counter type="BRANCH" missed="1" covered="50"/><counter type="LINE" missed="0" covered="285"/><counter type="COMPLEXITY" missed="1" covered="71"/><counter type="METHOD" missed="0" covered="44"/><counter type="CLASS" missed="0" covered="3"/></package><package name="com/jundaai/note/controller"><class name="com/jundaai/note/controller/FolderController" sourcefilename="FolderController.java"><method name="&lt;init&gt;" desc="(Lcom/jundaai/note/service/FolderService;Lcom/jundaai/note/model/assembler/FolderModelAssembler;)V" line="31"><counter type="INSTRUCTION" missed="0" covered="9"/><counter type="LINE" missed="0" covered="4"/><counter type="COMPLEXITY" missed="0" covered="1"/><counter type="METHOD" missed="0" covered="1"/></method><method name="getAllFolders" desc="()Lorg/springframework/http/ResponseEntity;" line="38"><counter type="INSTRUCTION" missed="0" covered="13"/><counter type="LINE" missed="0" covered="3"/><counter type="COMPLEXITY" missed="0" covered="1"/><counter type="METHOD" missed="0" covered="1"/></method><method name="getFolderById" desc="(Ljava/lang/Long;)Lorg/springframework/http/ResponseEntity;" line="45"><counter type="INSTRUCTION" missed="0" covered="15"/><counter type="LINE" missed="0" covered="3"/><counter type="COMPLEXITY" missed="0" covered="1"/><counter type="METHOD" missed="0" covered="1"/></method><method name="getSubFoldersByParentId" desc="(Ljava/lang/Long;)Lorg/springframework/http/ResponseEntity;" line="54"><counter type="INSTRUCTION" missed="0" covered="15"/><counter type="LINE" missed="0" covered="3"/><counter type="COMPLEXITY" missed="0" covered="1"/><counter type="METHOD" missed="0" covered="1"/></method><method name="createFolderByParentId" desc="(Ljava/lang/Long;Lcom/jundaai/note/form/folder/FolderCreationForm;)Lorg/springframework/http/ResponseEntity;" line="64"><counter type="INSTRUCTION" missed="0" covered="34"/><counter type="LINE" missed="0" covered="8"/><counter type="COMPLEXITY" missed="0" covered="1"/><counter type="METHOD" missed="0" covered="1"/></method><method name="updateFolderById" desc="(Ljava/lang/Long;Lcom/jundaai/note/form/folder/FolderUpdateForm;)Lorg/springframework/http/ResponseEntity;" line="77"><counter type="INSTRUCTION" missed="0" covered="17"/><counter type="LINE" missed="0" covered="3"/><counter type="COMPLEXITY" missed="0" covered="1"/><counter type="METHOD" missed="0" covered="1"/></method><method name="deleteFolderById" desc="(Ljava/lang/Long;)Lorg/springframework/http/ResponseEntity;" line="84"><counter type="INSTRUCTION" missed="0" covered="11"/><counter type="LINE" missed="0" covered="3"/><counter type="COMPLEXITY" missed="0" covered="1"/><counter type="METHOD" missed="0" covered="1"/></method><method name="&lt;clinit&gt;" desc="()V" line="24"><counter type="INSTRUCTION" missed="0" covered="4"/><counter type="LINE" missed="0" covered="1"/><counter type="COMPLEXITY" missed="0" covered="1"/><counter type="METHOD" missed="0" covered="1"/></method><counter type="INSTRUCTION" missed="0" covered="118"/><counter type="LINE" missed="0" covered="28"/><counter type="COMPLEXITY" missed="0" covered="8"/><counter type="METHOD" missed="0" covered="8"/><counter type="CLASS" missed="0" covered="1"/></class><class name="com/jundaai/note/controller/TagController" sourcefilename="TagController.java"><method name="&lt;init&gt;" desc="(Lcom/jundaai/note/service/TagService;Lcom/jundaai/note/model/assembler/TagModelAssembler;)V" line="31"><counter type="INSTRUCTION" missed="0" covered="9"/><counter type="LINE" missed="0" covered="4"/><counter type="COMPLEXITY" missed="0" covered="1"/><counter type="METHOD" missed="0" covered="1"/></method><method name="getAllTags" desc="()Lorg/springframework/http/ResponseEntity;" line="38"><counter type="INSTRUCTION" missed="0" covered="13"/><counter type="LINE" missed="0" covered="3"/><counter type="COMPLEXITY" missed="0" covered="1"/><counter type="METHOD" missed="0" covered="1"/></method><method name="getAllTagsByNoteId" desc="(Ljava/lang/Long;)Lorg/springframework/http/ResponseEntity;" line="47"><counter type="INSTRUCTION" missed="0" covered="15"/><counter type="LINE" missed="0" covered="3"/><counter type="COMPLEXITY" missed="0" covered="1"/><counter type="METHOD" missed="0" covered="1"/></method><method name="getTagById" desc="(Ljava/lang/Long;)Lorg/springframework/http/ResponseEntity;" line="54"><counter type="INSTRUCTION" missed="0" covered="15"/><counter type="LINE" missed="0" covered="3"/><counter type="COMPLEXITY" missed="0" covered="1"/><counter type="METHOD" missed="0" covered="1"/></method><method name="createTag" desc="(Lcom/jundaai/note/form/tag/TagCreationForm;)Lorg/springframework/http/ResponseEntity;" line="61"><counter type="INSTRUCTION" missed="0" covered="31"/><counter type="LINE" missed="0" covered="8"/><counter type="COMPLEXITY" missed="0" covered="1"/><counter type="METHOD" missed="0" covered="1"/></method><method name="updateTag" desc="(Ljava/lang/Long;Lcom/jundaai/note/form/tag/TagUpdateForm;)Lorg/springframework/http/ResponseEntity;" line="74"><counter type="INSTRUCTION" missed="0" covered="17"/><counter type="LINE" missed="0" covered="3"/><counter type="COMPLEXITY" missed="0" covered="1"/><counter type="METHOD" missed="0" covered="1"/></method><method name="deleteTagById" desc="(Ljava/lang/Long;)Lorg/springframework/http/ResponseEntity;" line="81"><counter type="INSTRUCTION" missed="0" covered="11"/><counter type="LINE" missed="0" covered="3"/><counter type="COMPLEXITY" missed="0" covered="1"/><counter type="METHOD" missed="0" covered="1"/></method><method name="&lt;clinit&gt;" desc="()V" line="24"><counter type="INSTRUCTION" missed="0" covered="4"/><counter type="LINE" missed="0" covered="1"/><counter type="COMPLEXITY" missed="0" covered="1"/><counter type="METHOD" missed="0" covered="1"/></method><counter type="INSTRUCTION" missed="0" covered="115"/><counter type="LINE" missed="0" covered="28"/><counter type="COMPLEXITY" missed="0" covered="8"/><counter type="METHOD" missed="0" covered="8"/><counter type="CLASS" missed="0" covered="1"/></class><class name="com/jundaai/note/controller/NoteController" sourcefilename="NoteController.java"><method name="&lt;init&gt;" desc="(Lcom/jundaai/note/service/NoteService;Lcom/jundaai/note/model/assembler/NoteModelAssembler;)V" line="32"><counter type="INSTRUCTION" missed="0" covered="9"/><counter type="LINE" missed="0" covered="4"/><counter type="COMPLEXITY" missed="0" covered="1"/><counter type="METHOD" missed="0" covered="1"/></method><method name="getAllNotes" desc="()Lorg/springframework/http/ResponseEntity;" line="39"><counter type="INSTRUCTION" missed="0" covered="13"/><counter type="LINE" missed="0" covered="3"/><counter type="COMPLEXITY" missed="0" covered="1"/><counter type="METHOD" missed="0" covered="1"/></method><method name="getAllNotesByFolderId" desc="(Ljava/lang/Long;)Lorg/springframework/http/ResponseEntity;" line="48"><counter type="INSTRUCTION" missed="0" covered="15"/><counter type="LINE" missed="0" covered="3"/><counter type="COMPLEXITY" missed="0" covered="1"/><counter type="METHOD" missed="0" covered="1"/></method><method name="getAllNotesByTagId" desc="(Ljava/lang/Long;)Lorg/springframework/http/ResponseEntity;" line="57"><counter type="INSTRUCTION" missed="0" covered="15"/><counter type="LINE" missed="0" covered="3"/><counter type="COMPLEXITY" missed="0" covered="1"/><counter type="METHOD" missed="0" covered="1"/></method><method name="getNoteById" desc="(Ljava/lang/Long;)Lorg/springframework/http/ResponseEntity;" line="64"><counter type="INSTRUCTION" missed="0" covered="15"/><counter type="LINE" missed="0" covered="3"/><counter type="COMPLEXITY" missed="0" covered="1"/><counter type="METHOD" missed="0" covered="1"/></method><method name="createNoteByFolderId" desc="(Ljava/lang/Long;Lcom/jundaai/note/form/note/NoteCreationForm;)Lorg/springframework/http/ResponseEntity;" line="73"><counter type="INSTRUCTION" missed="0" covered="33"/><counter type="LINE" missed="0" covered="8"/><counter type="COMPLEXITY" missed="0" covered="1"/><counter type="METHOD" missed="0" covered="1"/></method><method name="updateNoteById" desc="(Ljava/lang/Long;Lcom/jundaai/note/form/note/NoteUpdateForm;)Lorg/springframework/http/ResponseEntity;" line="86"><counter type="INSTRUCTION" missed="0" covered="17"/><counter type="LINE" missed="0" covered="3"/><counter type="COMPLEXITY" missed="0" covered="1"/><counter type="METHOD" missed="0" covered="1"/></method><method name="deleteNoteById" desc="(Ljava/lang/Long;)Lorg/springframework/http/ResponseEntity;" line="93"><counter type="INSTRUCTION" missed="0" covered="11"/><counter type="LINE" missed="0" covered="3"/><counter type="COMPLEXITY" missed="0" covered="1"/><counter type="METHOD" missed="0" covered="1"/></method><method name="&lt;clinit&gt;" desc="()V" line="25"><counter type="INSTRUCTION" missed="0" covered="4"/><counter type="LINE" missed="0" covered="1"/><counter type="COMPLEXITY" missed="0" covered="1"/><counter type="METHOD" missed="0" covered="1"/></method><counter type="INSTRUCTION" missed="0" covered="132"/><counter type="LINE" missed="0" covered="31"/><counter type="COMPLEXITY" missed="0" covered="9"/><counter type="METHOD" missed="0" covered="9"/><counter type="CLASS" missed="0" covered="1"/></class><sourcefile name="TagController.java"><line nr="24" mi="0" ci="4" mb="0" cb="0"/><line nr="31" mi="0" ci="2" mb="0" cb="0"/><line nr="32" mi="0" ci="3" mb="0" cb="0"/><line nr="33" mi="0" ci="3" mb="0" cb="0"/><line nr="34" mi="0" ci="1" mb="0" cb="0"/><line nr="38" mi="0" ci="3" mb="0" cb="0"/><line nr="39" mi="0" ci="4" mb="0" cb="0"/><line nr="40" mi="0" ci="6" mb="0" cb="0"/><line nr="47" mi="0" ci="4" mb="0" cb="0"/><line nr="48" mi="0" ci="5" mb="0" cb="0"/><line nr="49" mi="0" ci="6" mb="0" cb="0"/><line nr="54" mi="0" ci="4" mb="0" cb="0"/><line nr="55" mi="0" ci="5" mb="0" cb="0"/><line nr="56" mi="0" ci="6" mb="0" cb="0"/><line nr="61" mi="0" ci="4" mb="0" cb="0"/><line nr="62" mi="0" ci="5" mb="0" cb="0"/><line nr="63" mi="0" ci="1" mb="0" cb="0"/><line nr="64" mi="0" ci="2" mb="0" cb="0"/><line nr="65" mi="0" ci="6" mb="0" cb="0"/><line nr="66" mi="0" ci="3" mb="0" cb="0"/><line nr="67" mi="0" ci="2" mb="0" cb="0"/><line nr="68" mi="0" ci="8" mb="0" cb="0"/><line nr="74" mi="0" ci="5" mb="0" cb="0"/><line nr="75" mi="0" ci="6" mb="0" cb="0"/><line nr="76" mi="0" ci="6" mb="0" cb="0"/><line nr="81" mi="0" ci="4" mb="0" cb="0"/><line nr="82" mi="0" ci="4" mb="0" cb="0"/><line nr="83" mi="0" ci="3" mb="0" cb="0"/><counter type="INSTRUCTION" missed="0" covered="115"/><counter type="LINE" missed="0" covered="28"/><counter type="COMPLEXITY" missed="0" covered="8"/><counter type="METHOD" missed="0" covered="8"/><counter type="CLASS" missed="0" covered="1"/></sourcefile><sourcefile name="FolderController.java"><line nr="24" mi="0" ci="4" mb="0" cb="0"/><line nr="31" mi="0" ci="2" mb="0" cb="0"/><line nr="32" mi="0" ci="3" mb="0" cb="0"/><line nr="33" mi="0" ci="3" mb="0" cb="0"/><line nr="34" mi="0" ci="1" mb="0" cb="0"/><line nr="38" mi="0" ci="3" mb="0" cb="0"/><line nr="39" mi="0" ci="4" mb="0" cb="0"/><line nr="40" mi="0" ci="6" mb="0" cb="0"/><line nr="45" mi="0" ci="4" mb="0" cb="0"/><line nr="46" mi="0" ci="5" mb="0" cb="0"/><line nr="47" mi="0" ci="6" mb="0" cb="0"/><line nr="54" mi="0" ci="4" mb="0" cb="0"/><line nr="55" mi="0" ci="5" mb="0" cb="0"/><line nr="56" mi="0" ci="6" mb="0" cb="0"/><line nr="64" mi="0" ci="5" mb="0" cb="0"/><line nr="65" mi="0" ci="6" mb="0" cb="0"/><line nr="66" mi="0" ci="1" mb="0" cb="0"/><line nr="67" mi="0" ci="3" mb="0" cb="0"/><line nr="68" mi="0" ci="6" mb="0" cb="0"/><line nr="69" mi="0" ci="3" mb="0" cb="0"/><line nr="70" mi="0" ci="2" mb="0" cb="0"/><line nr="71" mi="0" ci="8" mb="0" cb="0"/><line nr="77" mi="0" ci="5" mb="0" cb="0"/><line nr="78" mi="0" ci="6" mb="0" cb="0"/><line nr="79" mi="0" ci="6" mb="0" cb="0"/><line nr="84" mi="0" ci="4" mb="0" cb="0"/><line nr="85" mi="0" ci="4" mb="0" cb="0"/><line nr="86" mi="0" ci="3" mb="0" cb="0"/><counter type="INSTRUCTION" missed="0" covered="118"/><counter type="LINE" missed="0" covered="28"/><counter type="COMPLEXITY" missed="0" covered="8"/><counter type="METHOD" missed="0" covered="8"/><counter type="CLASS" missed="0" covered="1"/></sourcefile><sourcefile name="NoteController.java"><line nr="25" mi="0" ci="4" mb="0" cb="0"/><line nr="32" mi="0" ci="2" mb="0" cb="0"/><line nr="33" mi="0" ci="3" mb="0" cb="0"/><line nr="34" mi="0" ci="3" mb="0" cb="0"/><line nr="35" mi="0" ci="1" mb="0" cb="0"/><line nr="39" mi="0" ci="3" mb="0" cb="0"/><line nr="40" mi="0" ci="4" mb="0" cb="0"/><line nr="41" mi="0" ci="6" mb="0" cb="0"/><line nr="48" mi="0" ci="4" mb="0" cb="0"/><line nr="49" mi="0" ci="5" mb="0" cb="0"/><line nr="50" mi="0" ci="6" mb="0" cb="0"/><line nr="57" mi="0" ci="4" mb="0" cb="0"/><line nr="58" mi="0" ci="5" mb="0" cb="0"/><line nr="59" mi="0" ci="6" mb="0" cb="0"/><line nr="64" mi="0" ci="4" mb="0" cb="0"/><line nr="65" mi="0" ci="5" mb="0" cb="0"/><line nr="66" mi="0" ci="6" mb="0" cb="0"/><line nr="73" mi="0" ci="5" mb="0" cb="0"/><line nr="74" mi="0" ci="6" mb="0" cb="0"/><line nr="75" mi="0" ci="1" mb="0" cb="0"/><line nr="76" mi="0" ci="2" mb="0" cb="0"/><line nr="77" mi="0" ci="6" mb="0" cb="0"/><line nr="78" mi="0" ci="3" mb="0" cb="0"/><line nr="79" mi="0" ci="2" mb="0" cb="0"/><line nr="80" mi="0" ci="8" mb="0" cb="0"/><line nr="86" mi="0" ci="5" mb="0" cb="0"/><line nr="87" mi="0" ci="6" mb="0" cb="0"/><line nr="88" mi="0" ci="6" mb="0" cb="0"/><line nr="93" mi="0" ci="4" mb="0" cb="0"/><line nr="94" mi="0" ci="4" mb="0" cb="0"/><line nr="95" mi="0" ci="3" mb="0" cb="0"/><counter type="INSTRUCTION" missed="0" covered="132"/><counter type="LINE" missed="0" covered="31"/><counter type="COMPLEXITY" missed="0" covered="9"/><counter type="METHOD" missed="0" covered="9"/><counter type="CLASS" missed="0" covered="1"/></sourcefile><counter type="INSTRUCTION" missed="0" covered="365"/><counter type="LINE" missed="0" covered="87"/><counter type="COMPLEXITY" missed="0" covered="25"/><counter type="METHOD" missed="0" covered="25"/><counter type="CLASS" missed="0" covered="3"/></package><package name="com/jundaai/note/repository"><class name="com/jundaai/note/repository/TagRepository" sourcefilename="TagRepository.java"/><class name="com/jundaai/note/repository/FolderRepository" sourcefilename="FolderRepository.java"/><class name="com/jundaai/note/repository/NoteRepository" sourcefilename="NoteRepository.java"/><sourcefile name="NoteRepository.java"/><sourcefile name="FolderRepository.java"/><sourcefile name="TagRepository.java"/></package><package name="com/jundaai/note/config"><class name="com/jundaai/note/config/LoadDatabase" sourcefilename="LoadDatabase.java"><method name="&lt;init&gt;" desc="()V" line="20"><counter type="INSTRUCTION" missed="0" covered="3"/><counter type="LINE" missed="0" covered="1"/><counter type="COMPLEXITY" missed="0" covered="1"/><counter type="METHOD" missed="0" covered="1"/></method><method name="initDatabase" desc="(Lcom/jundaai/note/repository/FolderRepository;Lcom/jundaai/note/repository/NoteRepository;Lcom/jundaai/note/repository/TagRepository;)Lorg/springframework/boot/CommandLineRunner;" line="26"><counter type="INSTRUCTION" missed="0" covered="8"/><counter type="LINE" missed="0" covered="2"/><counter type="COMPLEXITY" missed="0" covered="1"/><counter type="METHOD" missed="0" covered="1"/></method><method name="lambda$initDatabase$0" desc="(Lcom/jundaai/note/repository/FolderRepository;Lcom/jundaai/note/repository/NoteRepository;Lcom/jundaai/note/repository/TagRepository;[Ljava/lang/String;)V" line="28"><counter type="INSTRUCTION" missed="0" covered="141"/><counter type="LINE" missed="0" covered="53"/><counter type="COMPLEXITY" missed="0" covered="1"/><counter type="METHOD" missed="0" covered="1"/></method><method name="&lt;clinit&gt;" desc="()V" line="19"><counter type="INSTRUCTION" missed="0" covered="4"/><counter type="LINE" missed="0" covered="1"/><counter type="COMPLEXITY" missed="0" covered="1"/><counter type="METHOD" missed="0" covered="1"/></method><counter type="INSTRUCTION" missed="0" covered="156"/><counter type="LINE" missed="0" covered="57"/><counter type="COMPLEXITY" missed="0" covered="4"/><counter type="METHOD" missed="0" covered="4"/><counter type="CLASS" missed="0" covered="1"/></class><sourcefile name="LoadDatabase.java"><line nr="19" mi="0" ci="4" mb="0" cb="0"/><line nr="20" mi="0" ci="3" mb="0" cb="0"/><line nr="26" mi="0" ci="3" mb="0" cb="0"/><line nr="27" mi="0" ci="5" mb="0" cb="0"/><line nr="28" mi="0" ci="2" mb="0" cb="0"/><line nr="29" mi="0" ci="6" mb="0" cb="0"/><line nr="30" mi="0" ci="2" mb="0" cb="0"/><line nr="31" mi="0" ci="2" mb="0" cb="0"/><line nr="32" mi="0" ci="2" mb="0" cb="0"/><line nr="33" mi="0" ci="4" mb="0" cb="0"/><line nr="34" mi="0" ci="4" mb="0" cb="0"/><line nr="35" mi="0" ci="1" mb="0" cb="0"/><line nr="36" mi="0" ci="1" mb="0" cb="0"/><line nr="37" mi="0" ci="6" mb="0" cb="0"/><line nr="38" mi="0" ci="2" mb="0" cb="0"/><line nr="39" mi="0" ci="2" mb="0" cb="0"/><line nr="40" mi="0" ci="2" mb="0" cb="0"/><line nr="41" mi="0" ci="4" mb="0" cb="0"/><line nr="42" mi="0" ci="4" mb="0" cb="0"/><line nr="43" mi="0" ci="1" mb="0" cb="0"/><line nr="44" mi="0" ci="1" mb="0" cb="0"/><line nr="45" mi="0" ci="5" mb="0" cb="0"/><line nr="46" mi="0" ci="2" mb="0" cb="0"/><line nr="47" mi="0" ci="2" mb="0" cb="0"/><line nr="48" mi="0" ci="2" mb="0" cb="0"/><line nr="49" mi="0" ci="4" mb="0" cb="0"/><line nr="50" mi="0" ci="4" mb="0" cb="0"/><line nr="51" mi="0" ci="1" mb="0" cb="0"/><line nr="52" mi="0" ci="1" mb="0" cb="0"/><line nr="53" mi="0" ci="5" mb="0" cb="0"/><line nr="54" mi="0" ci="2" mb="0" cb="0"/><line nr="55" mi="0" ci="2" mb="0" cb="0"/><line nr="56" mi="0" ci="2" mb="0" cb="0"/><line nr="57" mi="0" ci="2" mb="0" cb="0"/><line nr="58" mi="0" ci="4" mb="0" cb="0"/><line nr="59" mi="0" ci="1" mb="0" cb="0"/><line nr="60" mi="0" ci="1" mb="0" cb="0"/><line nr="62" mi="0" ci="6" mb="0" cb="0"/><line nr="63" mi="0" ci="2" mb="0" cb="0"/><line nr="64" mi="0" ci="2" mb="0" cb="0"/><line nr="65" mi="0" ci="2" mb="0" cb="0"/><line nr="66" mi="0" ci="2" mb="0" cb="0"/><line nr="67" mi="0" ci="4" mb="0" cb="0"/><line nr="68" mi="0" ci="1" mb="0" cb="0"/><line nr="69" mi="0" ci="1" mb="0" cb="0"/><line nr="70" mi="0" ci="6" mb="0" cb="0"/><line nr="71" mi="0" ci="2" mb="0" cb="0"/><line nr="72" mi="0" ci="2" mb="0" cb="0"/><line nr="73" mi="0" ci="4" mb="0" cb="0"/><line nr="74" mi="0" ci="1" mb="0" cb="0"/><line nr="75" mi="0" ci="1" mb="0" cb="0"/><line nr="77" mi="0" ci="3" mb="0" cb="0"/><line nr="78" mi="0" ci="4" mb="0" cb="0"/><line nr="79" mi="0" ci="3" mb="0" cb="0"/><line nr="81" mi="0" ci="4" mb="0" cb="0"/><line nr="82" mi="0" ci="4" mb="0" cb="0"/><line nr="83" mi="0" ci="1" mb="0" cb="0"/><counter type="INSTRUCTION" missed="0" covered="156"/><counter type="LINE" missed="0" covered="57"/><counter type="COMPLEXITY" missed="0" covered="4"/><counter type="METHOD" missed="0" covered="4"/><counter type="CLASS" missed="0" covered="1"/></sourcefile><counter type="INSTRUCTION" missed="0" covered="156"/><counter type="LINE" missed="0" covered="57"/><counter type="COMPLEXITY" missed="0" covered="4"/><counter type="METHOD" missed="0" covered="4"/><counter type="CLASS" missed="0" covered="1"/></package><package name="com/jundaai/note"><class name="com/jundaai/note/NoteApplication" sourcefilename="NoteApplication.java"><method name="&lt;init&gt;" desc="()V" line="7"><counter type="INSTRUCTION" missed="0" covered="3"/><counter type="LINE" missed="0" covered="1"/><counter type="COMPLEXITY" missed="0" covered="1"/><counter type="METHOD" missed="0" covered="1"/></method><method name="ma
[...]
="(Ljava/util/List;)V" line="14"><counter type="INSTRUCTION" missed="0" covered="4"/><counter type="LINE" missed="0" covered="1"/><counter type="COMPLEXITY" missed="0" covered="1"/><counter type="METHOD" missed="0" covered="1"/></method><method name="equals" desc="(Ljava/lang/Object;)Z" line="14"><counter type="INSTRUCTION" missed="135" covered="5"/><counter type="BRANCH" missed="47" covered="1"/><counter type="LINE" missed="0" covered="1"/><counter type="COMPLEXITY" missed="24" covered="1"/><counter type="METHOD" missed="0" covered="1"/></method><method name="canEqual" desc="(Ljava/lang/Object;)Z" line="14"><counter type="INSTRUCTION" missed="3" covered="0"/><counter type="LINE" missed="1" covered="0"/><counter type="COMPLEXITY" missed="1" covered="0"/><counter type="METHOD" missed="1" covered="0"/></method><method name="hashCode" desc="()I" line="14"><counter type="INSTRUCTION" missed="14" covered="90"/><counter type="BRANCH" missed="7" covered="7"/><counter type="LINE" missed="0" covered="1"/><counter type="COMPLEXITY" missed="7" covered="1"/><counter type="METHOD" missed="0" covered="1"/></method><method name="toString" desc="()Ljava/lang/String;" line="14"><counter type="INSTRUCTION" missed="0" covered="14"/><counter type="LINE" missed="0" covered="1"/><counter type="COMPLEXITY" missed="0" covered="1"/><counter type="METHOD" missed="0" covered="1"/></method><method name="&lt;init&gt;" desc="()V" line="16"><counter type="INSTRUCTION" missed="0" covered="3"/><counter type="LINE" missed="0" covered="1"/><counter type="COMPLEXITY" missed="0" covered="1"/><counter type="METHOD" missed="0" covered="1"/></method><method name="&lt;init&gt;" desc="(Ljava/lang/Long;Ljava/lang/String;Ljava/lang/String;Ljava/time/ZonedDateTime;Ljava/time/ZonedDateTime;Lcom/jundaai/note/model/Folder;Ljava/util/List;)V" line="17"><counter type="INSTRUCTION" missed="10" covered="28"/><counter type="BRANCH" missed="2" covered="2"/><counter type="LINE" missed="0" covered="1"/><counter type="COMPLEXITY" missed="2" covered="1"/><counter type="METHOD" missed="0" covered="1"/></method><counter type="INSTRUCTION" missed="182" covered="187"/><counter type="BRANCH" missed="59" covered="11"/><counter type="LINE" missed="0" covered="11"/><counter type="COMPLEXITY" missed="38" covered="18"/><counter type="METHOD" missed="3" covered="18"/><counter type="CLASS" missed="0" covered="1"/></class><sourcefile name="Folder.java"><line nr="13" mi="143" ci="156" mb="51" cb="15"/><line nr="14" mi="16" ci="60" mb="0" cb="0"/><line nr="15" mi="0" ci="3" mb="0" cb="0"/><line nr="16" mi="10" ci="28" mb="2" cb="2"/><line nr="23" mi="0" ci="3" mb="0" cb="0"/><line nr="26" mi="0" ci="3" mb="0" cb="0"/><line nr="29" mi="0" ci="3" mb="0" cb="0"/><line nr="32" mi="0" ci="3" mb="0" cb="0"/><line nr="41" mi="0" ci="3" mb="0" cb="0"/><line nr="51" mi="0" ci="3" mb="0" cb="0"/><line nr="61" mi="0" ci="3" mb="0" cb="0"/><counter type="INSTRUCTION" missed="169" covered="268"/><counter type="BRANCH" missed="53" covered="17"/><counter type="LINE" missed="0" covered="11"/><counter type="COMPLEXITY" missed="36" covered="30"/><counter type="METHOD" missed="3" covered="28"/><counter type="CLASS" missed="0" covered="2"/></sourcefile><sourcefile name="Note.java"><line nr="14" mi="172" ci="131" mb="57" cb="9"/><line nr="15" mi="16" ci="60" mb="0" cb="0"/><line nr="16" mi="0" ci="3" mb="0" cb="0"/><line nr="17" mi="10" ci="28" mb="2" cb="2"/><line nr="24" mi="0" ci="3" mb="0" cb="0"/><line nr="27" mi="0" ci="3" mb="0" cb="0"/><line nr="30" mi="0" ci="3" mb="0" cb="0"/><line nr="33" mi="0" ci="3" mb="0" cb="0"/><line nr="36" mi="0" ci="3" mb="0" cb="0"/><line nr="46" mi="0" ci="3" mb="0" cb="0"/><line nr="68" mi="0" ci="3" mb="0" cb="0"/><counter type="INSTRUCTION" missed="198" covered="243"/><counter type="BRANCH" missed="59" covered="11"/><counter type="LINE" missed="0" covered="11"/><counter type="COMPLEXITY" missed="39" covered="27"/><counter type="METHOD" missed="4" covered="27"/><counter type="CLASS" missed="0" covered="2"/></sourcefile><sourcefile name="Tag.java"><line nr="18" mi="107" ci="124" mb="38" cb="12"/><line nr="19" mi="12" ci="46" mb="0" cb="0"/><line nr="20" mi="0" ci="3" mb="0" cb="0"/><line nr="21" mi="10" ci="22" mb="2" cb="2"/><line nr="26" mi="0" ci="3" mb="0" cb="0"/><line nr="29" mi="0" ci="3" mb="0" cb="0"/><line nr="32" mi="0" ci="3" mb="0" cb="0"/><line nr="35" mi="0" ci="3" mb="0" cb="0"/><line nr="46" mi="0" ci="3" mb="0" cb="0"/><counter type="INSTRUCTION" missed="129" covered="210"/><counter type="BRANCH" missed="40" covered="14"/><counter type="LINE" missed="0" covered="9"/><counter type="COMPLEXITY" missed="29" covered="23"/><counter type="METHOD" missed="3" covered="22"/><counter type="CLASS" missed="0" covered="2"/></sourcefile><counter type="INSTRUCTION" missed="496" covered="721"/><counter type="BRANCH" missed="152" covered="42"/><counter type="LINE" missed="0" covered="31"/><counter type="COMPLEXITY" missed="104" covered="80"/><counter type="METHOD" missed="10" covered="77"/><counter type="CLASS" missed="0" covered="6"/></package><package name="com/jundaai/note/form/note"><class name="com/jundaai/note/form/note/NoteCreationForm$NoteCreationFormBuilder" sourcefilename="NoteCreationForm.java"><method name="&lt;init&gt;" desc="()V" line="11"><counter type="INSTRUCTION" missed="0" covered="3"/><counter type="LINE" missed="0" covered="1"/><counter type="COMPLEXITY" missed="0" covered="1"/><counter type="METHOD" missed="0" covered="1"/></method><method name="name" desc="(Ljava/lang/String;)Lcom/jundaai/note/form/note/NoteCreationForm$NoteCreationFormBuilder;" line="11"><counter type="INSTRUCTION" missed="0" covered="5"/><counter type="LINE" missed="0" covered="1"/><counter type="COMPLEXITY" missed="0" covered="1"/><counter type="METHOD" missed="0" covered="1"/></method><method name="content" desc="(Ljava/lang/String;)Lcom/jundaai/note/form/note/NoteCreationForm$NoteCreationFormBuilder;" line="11"><counter type="INSTRUCTION" missed="0" covered="5"/><counter type="LINE" missed="0" covered="1"/><counter type="COMPLEXITY" missed="0" covered="1"/><counter type="METHOD" missed="0" covered="1"/></method><method name="build" desc="()Lcom/jundaai/note/form/note/NoteCreationForm;" line="11"><counter type="INSTRUCTION" missed="0" covered="8"/><counter type="LINE" missed="0" covered="1"/><counter type="COMPLEXITY" missed="0" covered="1"/><counter type="METHOD" missed="0" covered="1"/></method><method name="toString" desc="()Ljava/lang/String;" line="11"><counter type="INSTRUCTION" missed="6" covered="0"/><counter type="LINE" missed="1" covered="0"/><counter type="COMPLEXITY" missed="1" covered="0"/><counter type="METHOD" missed="1" covered="0"/></method><counter type="INSTRUCTION" missed="6" covered="21"/><counter type="LINE" missed="0" covered="1"/><counter type="COMPLEXITY" missed="1" covered="4"/><counter type="METHOD" missed="1" covered="4"/><counter type="CLASS" missed="0" covered="1"/></class><class name="com/jundaai/note/form/note/NoteUpdateForm$NoteUpdateFormBuilder" sourcefilename="NoteUpdateForm.java"><method name="&lt;init&gt;" desc="()V" line="11"><counter type="INSTRUCTION" missed="0" covered="3"/><counter type="LINE" missed="0" covered="1"/><counter type="COMPLEXITY" missed="0" covered="1"/><counter type="METHOD" missed="0" covered="1"/></method><method name="updateType" desc="(Ljava/lang/String;)Lcom/jundaai/note/form/note/NoteUpdateForm$NoteUpdateFormBuilder;" line="11"><counter type="INSTRUCTION" missed="0" covered="5"/><counter type="LINE" missed="0" covered="1"/><counter type="COMPLEXITY" missed="0" covered="1"/><counter type="METHOD" missed="0" covered="1"/></method><method name="newName" desc="(Ljava/lang/String;)Lcom/jundaai/note/form/note/NoteUpdateForm$NoteUpdateFormBuilder;" line="11"><counter type="INSTRUCTION" missed="0" covered="5"/><counter type="LINE" missed="0" covered="1"/><counter type="COMPLEXITY" missed="0" covered="1"/><counter type="METHOD" missed="0" covered="1"/></method><method name="newContent" desc="(Ljava/lang/String;)Lcom/jundaai/note/form/note/NoteUpdateForm$NoteUpdateFormBuilder;" line="11"><counter type="INSTRUCTION" missed="0" covered="5"/><counter type="LINE" missed="0" covered="1"/><counter type="COMPLEXITY" missed="0" covered="1"/><counter type="METHOD" missed="0" covered="1"/></method><method name="toFolderId" desc="(Ljava/lang/Long;)Lcom/jundaai/note/form/note/NoteUpdateForm$NoteUpdateFormBuilder;" line="11"><counter type="INSTRUCTION" missed="0" covered="5"/><counter type="LINE" missed="0" covered="1"/><counter type="COMPLEXITY" missed="0" covered="1"/><counter type="METHOD" missed="0" covered="1"/></method><method name="tagName" desc="(Ljava/lang/String;)Lcom/jundaai/note/form/note/NoteUpdateForm$NoteUpdateFormBuilder;" line="11"><counter type="INSTRUCTION" missed="0" covered="5"/><counter type="LINE" missed="0" covered="1"/><counter type="COMPLEXITY" missed="0" covered="1"/><counter type="METHOD" missed="0" covered="1"/></method><method name="build" desc="()Lcom/jundaai/note/form/note/NoteUpdateForm;" line="11"><counter type="INSTRUCTION" missed="0" covered="14"/><counter type="LINE" missed="0" covered="1"/><counter type="COMPLEXITY" missed="0" covered="1"/><counter type="METHOD" missed="0" covered="1"/></method><method name="toString" desc="()Ljava/lang/String;" line="11"><counter type="INSTRUCTION" missed="12" covered="0"/><counter type="LINE" missed="1" covered="0"/><counter type="COMPLEXITY" missed="1" covered="0"/><counter type="METHOD" missed="1" covered="0"/></method><counter type="INSTRUCTION" missed="12" covered="42"/><counter type="LINE" missed="0" covered="1"/><counter type="COMPLEXITY" missed="1" covered="7"/><counter type="METHOD" missed="1" covered="7"/><counter type="CLASS" missed="0" covered="1"/></class><class name="com/jundaai/note/form/note/NoteUpdateType" sourcefilename="NoteUpdateType.java"/><class name="com/jundaai/note/form/note/NoteUpdateForm" sourcefilename="NoteUpdateForm.java"><method name="builder" desc="()Lcom/jundaai/note/form/note/NoteUpdateForm$NoteUpdateFormBuilder;" line="11"><counter type="INSTRUCTION" missed="0" covered="4"/><counter type="LINE" missed="0" covered="1"/><counter type="COMPLEXITY" missed="0" covered="1"/><counter type="METHOD" missed="0" covered="1"/></method><method name="getUpdateType" desc="()Ljava/lang/String;" line="17"><counter type="INSTRUCTION" missed="0" covered="3"/><counter type="LINE" missed="0" covered="1"/><counter type="COMPLEXITY" missed="0" covered="1"/><counter type="METHOD" missed="0" covered="1"/></method><method name="getNewName" desc="()Ljava/lang/String;" line="18"><counter type="INSTRUCTION" missed="0" covered="3"/><counter type="LINE" missed="0" covered="1"/><counter type="COMPLEXITY" missed="0" covered="1"/><counter type="METHOD" missed="0" covered="1"/></method><method name="getNewContent" desc="()Ljava/lang/String;" line="19"><counter type="INSTRUCTION" missed="0" covered="3"/><counter type="LINE" missed="0" covered="1"/><counter type="COMPLEXITY" missed="0" covered="1"/><counter type="METHOD" missed="0" covered="1"/></method><method name="getToFolderId" desc="()Ljava/lang/Long;" line="25"><counter type="INSTRUCTION" missed="0" covered="3"/><counter type="LINE" missed="0" covered="1"/><counter type="COMPLEXITY" missed="0" covered="1"/><counter type="METHOD" missed="0" covered="1"/></method><method name="getTagName" desc="()Ljava/lang/String;" line="31"><counter type="INSTRUCTION" missed="0" covered="3"/><counter type="LINE" missed="0" covered="1"/><counter type="COMPLEXITY" missed="0" covered="1"/><counter type="METHOD" missed="0" covered="1"/></method><method name="setUpdateType" desc="(Ljava/lang/String;)V" line="10"><counter type="INSTRUCTION" missed="0" covered="4"/><counter type="LINE" missed="0" covered="1"/><counter type="COMPLEXITY" missed="0" covered="1"/><counter type="METHOD" missed="0" covered="1"/></method><method name="setNewName" desc="(Ljava/lang/String;)V" line="10"><counter type="INSTRUCTION" missed="0" covered="4"/><counter type="LINE" missed="0" covered="1"/><counter type="COMPLEXITY" missed="0" covered="1"/><counter type="METHOD" missed="0" covered="1"/></method><method name="setNewContent" desc="(Ljava/lang/String;)V" line="10"><counter type="INSTRUCTION" missed="4" covered="0"/><counter type="LINE" missed="1" covered="0"/><counter type="COMPLEXITY" missed="1" covered="0"/><counter type="METHOD" missed="1" covered="0"/></method><method name="setToFolderId" desc="(Ljava/lang/Long;)V" line="10"><counter type="INSTRUCTION" missed="4" covered="0"/><counter type="LINE" missed="1" covered="0"/><counter type="COMPLEXITY" missed="1" covered="0"/><counter type="METHOD" missed="1" covered="0"/></method><method name="setTagName" desc="(Ljava/lang/String;)V" line="10"><counter type="INSTRUCTION" missed="4" covered="0"/><counter type="LINE" missed="1" covered="0"/><counter type="COMPLEXITY" missed="1" covered="0"/><counter type="METHOD" missed="1" covered="0"/></method><method name="equals" desc="(Ljava/lang/Object;)Z" line="10"><counter type="INSTRUCTION" missed="100" covered="0"/><counter type="BRANCH" missed="34" covered="0"/><counter type="LINE" missed="1" covered="0"/><counter type="COMPLEXITY" missed="18" covered="0"/><counter type="METHOD" missed="1" covered="0"/></method><method name="hashCode" desc="()I" line="10"><counter type="INSTRUCTION" missed="76" covered="0"/><counter type="BRANCH" missed="10" covered="0"/><counter type="LINE" missed="1" covered="0"/><counter type="COMPLEXITY" missed="6" covered="0"/><counter type="METHOD" missed="1" covered="0"/></method><method name="toString" desc="()Ljava/lang/String;" line="10"><counter type="INSTRUCTION" missed="0" covered="12"/><counter type="LINE" missed="0" covered="1"/><counter type="COMPLEXITY" missed="0" covered="1"/><counter type="METHOD" missed="0" covered="1"/></method><method name="&lt;init&gt;" desc="()V" line="12"><counter type="INSTRUCTION" missed="0" covered="3"/><counter type="LINE" missed="0" covered="1"/><counter type="COMPLEXITY" missed="0" covered="1"/><counter type="METHOD" missed="0" covered="1"/></method><method name="&lt;init&gt;" desc="(Ljava/lang/String;Ljava/lang/String;Ljava/lang/String;Ljava/lang/Long;Ljava/lang/String;)V" line="13"><counter type="INSTRUCTION" missed="0" covered="18"/><counter type="LINE" missed="0" covered="1"/><counter type="COMPLEXITY" missed="0" covered="1"/><counter type="METHOD" missed="0" covered="1"/></method><counter type="INSTRUCTION" missed="188" covered="60"/><counter type="BRANCH" missed="44" covered="0"/><counter type="LINE" missed="0" covered="9"/><counter type="COMPLEXITY" missed="27" covered="11"/><counter type="METHOD" missed="5" covered="11"/><counter type="CLASS" missed="0" covered="1"/></class><class name="com/jundaai/note/form/note/NoteCreationForm" sourcefilename="NoteCreationForm.java"><method name="builder" desc="()Lcom/jundaai/note/form/note/NoteCreationForm$NoteCreationFormBuilder;" line="11"><counter type="INSTRUCTION" missed="0" covered="4"/><counter type="LINE" missed="0" covered="1"/><counter type="COMPLEXITY" missed="0" covered="1"/><counter type="METHOD" missed="0" covered="1"/></method><method name="getName" desc="()Ljava/lang/String;" line="17"><counter type="INSTRUCTION" missed="0" covered="3"/><counter type="LINE" missed="0" covered="1"/><counter type="COMPLEXITY" missed="0" covered="1"/><counter type="METHOD" missed="0" covered="1"/></method><method name="getContent" desc="()Ljava/lang/String;" line="18"><counter type="INSTRUCTION" missed="0" covered="3"/><counter type="LINE" missed="0" covered="1"/><counter type="COMPLEXITY" missed="0" covered="1"/><counter type="METHOD" missed="0" covered="1"/></method><method name="setName" desc="(Ljava/lang/String;)V" line="10"><counter type="INSTRUCTION" missed="0" covered="4"/><counter type="LINE" missed="0" covered="1"/><counter type="COMPLEXITY" missed="0" covered="1"/><counter type="METHOD" missed="0" covered="1"/></method><method name="setContent" desc="(Ljava/lang/String;)V" line="10"><counter type="INSTRUCTION" missed="0" covered="4"/><counter type="LINE" missed="0" covered="1"/><counter type="COMPLEXITY" missed="0" covered="1"/><counter type="METHOD" missed="0" covered="1"/></method><method name="equals" desc="(Ljava/lang/Object;)Z" line="10"><counter type="INSTRUCTION" missed="49" covered="0"/><counter type="BRANCH" missed="16" covered="0"/><counter type="LINE" missed="1" covered="0"/><counter type="COMPLEXITY" missed="9" covered="0"/><counter type="METHOD" missed="1" covered="0"/></method><method name="hashCode" desc="()I" line="10"><counter type="INSTRUCTION" missed="34" covered="0"/><counter type="BRANCH" missed="4" covered="0"/><counter type="LINE" missed="1" covered="0"/><counter type="COMPLEXITY" missed="3" covered="0"/><counter type="METHOD" missed="1" covered="0"/></method><method name="toString" desc="()Ljava/lang/String;" line="10"><counter type="INSTRUCTION" missed="0" covered="6"/><counter type="LINE" missed="0" covered="1"/><counter type="COMPLEXITY" missed="0" covered="1"/><counter type="METHOD" missed="0" covered="1"/></method><method name="&lt;init&gt;" desc="()V" line="12"><counter type="INSTRUCTION" missed="0" covered="3"/><counter type="LINE" missed="0" covered="1"/><counter type="COMPLEXITY" missed="0" covered="1"/><counter type="METHOD" missed="0" covered="1"/></method><method name="&lt;init&gt;" desc="(Ljava/lang/String;Ljava/lang/String;)V" line="13"><counter type="INSTRUCTION" missed="0" covered="9"/><counter type="LINE" missed="0" covered="1"/><counter type="COMPLEXITY" missed="0" covered="1"/><counter type="METHOD" missed="0" covered="1"/></method><counter type="INSTRUCTION" missed="83" covered="36"/><counter type="BRANCH" missed="20" covered="0"/><counter type="LINE" missed="0" covered="6"/><counter type="COMPLEXITY" missed="12" covered="8"/><counter type="METHOD" missed="2" covered="8"/><counter type="CLASS" missed="0" covered="1"/></class><sourcefile name="NoteCreationForm.java"><line nr="10" mi="83" ci="14" mb="20" cb="0"/><line nr="11" mi="6" ci="25" mb="0" cb="0"/><line nr="12" mi="0" ci="3" mb="0" cb="0"/><line nr="13" mi="0" ci="9" mb="0" cb="0"/><line nr="17" mi="0" ci="3" mb="0" cb="0"/><line nr="18" mi="0" ci="3" mb="0" cb="0"/><counter type="INSTRUCTION" missed="89" covered="57"/><counter type="BRANCH" missed="20" covered="0"/><counter type="LINE" missed="0" covered="6"/><counter type="COMPLEXITY" missed="13" covered="12"/><counter type="METHOD" missed="3" covered="12"/><counter type="CLASS" missed="0" covered="2"/></sourcefile><sourcefile name="NoteUpdateForm.java"><line nr="10" mi="188" ci="20" mb="44" cb="0"/><line nr="11" mi="12" ci="46" mb="0" cb="0"/><line nr="12" mi="0" ci="3" mb="0" cb="0"/><line nr="13" mi="0" ci="18" mb="0" cb="0"/><line nr="17" mi="0" ci="3" mb="0" cb="0"/><line nr="18" mi="0" ci="3" mb="0" cb="0"/><line nr="19" mi="0" ci="3" mb="0" cb="0"/><line nr="25" mi="0" ci="3" mb="0" cb="0"/><line nr="31" mi="0" ci="3" mb="0" cb="0"/><counter type="INSTRUCTION" missed="200" covered="102"/><counter type="BRANCH" missed="44" covered="0"/><counter type="LINE" missed="0" covered="9"/><counter type="COMPLEXITY" missed="28" covered="18"/><counter type="METHOD" missed="6" covered="18"/><counter type="CLASS" missed="0" covered="2"/></sourcefile><sourcefile name="NoteUpdateType.java"/><counter type="INSTRUCTION" missed="289" covered="159"/><counter type="BRANCH" missed="64" covered="0"/><counter type="LINE" missed="0" covered="15"/><counter type="COMPLEXITY" missed="41" covered="30"/><counter type="METHOD" missed="9" covered="30"/><counter type="CLASS" missed="0" covered="4"/></package><counter type="INSTRUCTION" missed="1099" covered="2814"/><counter type="BRANCH" missed="282" covered="93"/><counter type="LINE" missed="5" covered="534"/><counter type="COMPLEXITY" missed="193" covered="270"/><counter type="METHOD" missed="33" covered="240"/><counter type="CLASS" missed="0" covered="38"/></report>